---------- Date: 2016-10-30 21:13:13 ~ IP : 127.0.0.1 ----------
REQUEST URI : /
MOD DETAILS:
   modFile   : W:\domains\crimean.estate\vqmod/xml/faq.xml
   id        : FAQ for OpenCart 1.5.1.x
   version   : 1.0.0
   vqmver    : 1.2.3
   author    : Fido-X

File Name    : catalog/view/theme/default/template/common/footer.tpl(0)
VQModObject::applyMod - SEARCH NOT FOUND (ABORTING MOD): <li><a href="<?php echo $contact; ?>"><?php echo $text_contact; ?></a></li>

----------------------------------------------------------------------


---------- Date: 2016-10-30 21:15:01 ~ IP : 127.0.0.1 ----------
REQUEST URI : /
MOD DETAILS:
   modFile   : W:\domains\crimean.estate\vqmod/xml/faq.xml
   id        : FAQ for OpenCart 1.5.1.x
   version   : 1.0.0
   vqmver    : 1.2.3
   author    : Fido-X

File Name    : catalog/view/theme/default/template/common/footer.tpl(0)
VQModObject::applyMod - SEARCH NOT FOUND (ABORTING MOD): <li><a href="<?php echo $contact; ?>"><?php echo $text_contact; ?></a></li>

----------------------------------------------------------------------


---------- Date: 2016-10-30 21:32:27 ~ IP : 127.0.0.1 ----------
REQUEST URI : /
MOD DETAILS:
   modFile   : W:\domains\crimean.estate\vqmod/xml/faq.xml
   id        : FAQ for OpenCart 1.5.1.x
   version   : 1.0.0
   vqmver    : 1.2.3
   author    : Fido-X

File Name    : catalog/view/theme/default/template/common/footer.tpl(0)
VQModObject::applyMod - SEARCH NOT FOUND (ABORTING MOD): <li><a href="<?php echo $contact; ?>"><?php echo $text_contact; ?></a></li>

----------------------------------------------------------------------


---------- Date: 2016-10-30 21:32:54 ~ IP : 127.0.0.1 ----------
REQUEST URI : /
MOD DETAILS:
   modFile   : W:\domains\crimean.estate\vqmod/xml/faq.xml
   id        : FAQ for OpenCart 1.5.1.x
   version   : 1.0.0
   vqmver    : 1.2.3
   author    : Fido-X

File Name    : catalog/view/theme/default/template/common/footer.tpl(0)
VQModObject::applyMod - SEARCH NOT FOUND (ABORTING MOD): <li><a href="<?php echo $contact; ?>"><?php echo $text_contact; ?></a></li>

----------------------------------------------------------------------


---------- Date: 2016-10-30 21:33:30 ~ IP : 127.0.0.1 ----------
REQUEST URI : /
MOD DETAILS:
   modFile   : W:\domains\crimean.estate\vqmod/xml/faq.xml
   id        : FAQ for OpenCart 1.5.1.x
   version   : 1.0.0
   vqmver    : 1.2.3
   author    : Fido-X

File Name    : catalog/view/theme/default/template/common/footer.tpl(0)
VQModObject::applyMod - SEARCH NOT FOUND (ABORTING MOD): <li><a href="<?php echo $contact; ?>"><?php echo $text_contact; ?></a></li>

----------------------------------------------------------------------


---------- Date: 2016-10-30 21:34:23 ~ IP : 127.0.0.1 ----------
REQUEST URI : /
MOD DETAILS:
   modFile   : W:\domains\crimean.estate\vqmod/xml/faq.xml
   id        : FAQ for OpenCart 1.5.1.x
   version   : 1.0.0
   vqmver    : 1.2.3
   author    : Fido-X

File Name    : catalog/view/theme/default/template/common/footer.tpl(0)
VQModObject::applyMod - SEARCH NOT FOUND (ABORTING MOD): <li><a href="<?php echo $contact; ?>"><?php echo $text_contact; ?></a></li>

----------------------------------------------------------------------


---------- Date: 2016-10-30 21:35:16 ~ IP : 127.0.0.1 ----------
REQUEST URI : /
MOD DETAILS:
   modFile   : W:\domains\crimean.estate\vqmod/xml/faq.xml
   id        : FAQ for OpenCart 1.5.1.x
   version   : 1.0.0
   vqmver    : 1.2.3
   author    : Fido-X

File Name    : catalog/view/theme/default/template/common/footer.tpl(0)
VQModObject::applyMod - SEARCH NOT FOUND (ABORTING MOD): <li><a href="<?php echo $contact; ?>"><?php echo $text_contact; ?></a></li>

----------------------------------------------------------------------


---------- Date: 2016-10-30 21:36:13 ~ IP : 127.0.0.1 ----------
REQUEST URI : /
MOD DETAILS:
   modFile   : W:\domains\crimean.estate\vqmod/xml/faq.xml
   id        : FAQ for OpenCart 1.5.1.x
   version   : 1.0.0
   vqmver    : 1.2.3
   author    : Fido-X

File Name    : catalog/view/theme/default/template/common/footer.tpl(0)
VQModObject::applyMod - SEARCH NOT FOUND (ABORTING MOD): <li><a href="<?php echo $contact; ?>"><?php echo $text_contact; ?></a></li>

----------------------------------------------------------------------


---------- Date: 2016-10-30 21:36:48 ~ IP : 127.0.0.1 ----------
REQUEST URI : /
MOD DETAILS:
   modFile   : W:\domains\crimean.estate\vqmod/xml/faq.xml
   id        : FAQ for OpenCart 1.5.1.x
   version   : 1.0.0
   vqmver    : 1.2.3
   author    : Fido-X

File Name    : catalog/view/theme/default/template/common/footer.tpl(0)
VQModObject::applyMod - SEARCH NOT FOUND (ABORTING MOD): <li><a href="<?php echo $contact; ?>"><?php echo $text_contact; ?></a></li>

----------------------------------------------------------------------


---------- Date: 2016-10-30 21:37:29 ~ IP : 127.0.0.1 ----------
REQUEST URI : /
MOD DETAILS:
   modFile   : W:\domains\crimean.estate\vqmod/xml/faq.xml
   id        : FAQ for OpenCart 1.5.1.x
   version   : 1.0.0
   vqmver    : 1.2.3
   author    : Fido-X

File Name    : catalog/view/theme/default/template/common/footer.tpl(0)
VQModObject::applyMod - SEARCH NOT FOUND (ABORTING MOD): <li><a href="<?php echo $contact; ?>"><?php echo $text_contact; ?></a></li>

----------------------------------------------------------------------


---------- Date: 2016-10-30 21:39:23 ~ IP : 127.0.0.1 ----------
REQUEST URI : /
MOD DETAILS:
   modFile   : W:\domains\crimean.estate\vqmod/xml/faq.xml
   id        : FAQ for OpenCart 1.5.1.x
   version   : 1.0.0
   vqmver    : 1.2.3
   author    : Fido-X

File Name    : catalog/view/theme/default/template/common/footer.tpl(0)
VQModObject::applyMod - SEARCH NOT FOUND (ABORTING MOD): <li><a href="<?php echo $contact; ?>"><?php echo $text_contact; ?></a></li>

----------------------------------------------------------------------


---------- Date: 2016-10-30 21:40:24 ~ IP : 127.0.0.1 ----------
REQUEST URI : /
MOD DETAILS:
   modFile   : W:\domains\crimean.estate\vqmod/xml/faq.xml
   id        : FAQ for OpenCart 1.5.1.x
   version   : 1.0.0
   vqmver    : 1.2.3
   author    : Fido-X

File Name    : catalog/view/theme/default/template/common/footer.tpl(0)
VQModObject::applyMod - SEARCH NOT FOUND (ABORTING MOD): <li><a href="<?php echo $contact; ?>"><?php echo $text_contact; ?></a></li>

----------------------------------------------------------------------


---------- Date: 2016-10-30 21:42:05 ~ IP : 127.0.0.1 ----------
REQUEST URI : /
MOD DETAILS:
   modFile   : W:\domains\crimean.estate\vqmod/xml/faq.xml
   id        : FAQ for OpenCart 1.5.1.x
   version   : 1.0.0
   vqmver    : 1.2.3
   author    : Fido-X

File Name    : catalog/view/theme/default/template/common/footer.tpl(0)
VQModObject::applyMod - SEARCH NOT FOUND (ABORTING MOD): <li><a href="<?php echo $contact; ?>"><?php echo $text_contact; ?></a></li>

----------------------------------------------------------------------


---------- Date: 2016-10-30 21:43:14 ~ IP : 127.0.0.1 ----------
REQUEST URI : /
MOD DETAILS:
   modFile   : W:\domains\crimean.estate\vqmod/xml/faq.xml
   id        : FAQ for OpenCart 1.5.1.x
   version   : 1.0.0
   vqmver    : 1.2.3
   author    : Fido-X

File Name    : catalog/view/theme/default/template/common/footer.tpl(0)
VQModObject::applyMod - SEARCH NOT FOUND (ABORTING MOD): <li><a href="<?php echo $contact; ?>"><?php echo $text_contact; ?></a></li>

----------------------------------------------------------------------


---------- Date: 2016-10-30 21:43:52 ~ IP : 127.0.0.1 ----------
REQUEST URI : /
MOD DETAILS:
   modFile   : W:\domains\crimean.estate\vqmod/xml/faq.xml
   id        : FAQ for OpenCart 1.5.1.x
   version   : 1.0.0
   vqmver    : 1.2.3
   author    : Fido-X

File Name    : catalog/view/theme/default/template/common/footer.tpl(0)
VQModObject::applyMod - SEARCH NOT FOUND (ABORTING MOD): <li><a href="<?php echo $contact; ?>"><?php echo $text_contact; ?></a></li>

----------------------------------------------------------------------


---------- Date: 2016-10-30 21:44:15 ~ IP : 127.0.0.1 ----------
REQUEST URI : /
MOD DETAILS:
   modFile   : W:\domains\crimean.estate\vqmod/xml/faq.xml
   id        : FAQ for OpenCart 1.5.1.x
   version   : 1.0.0
   vqmver    : 1.2.3
   author    : Fido-X

File Name    : catalog/view/theme/default/template/common/footer.tpl(0)
VQModObject::applyMod - SEARCH NOT FOUND (ABORTING MOD): <li><a href="<?php echo $contact; ?>"><?php echo $text_contact; ?></a></li>

----------------------------------------------------------------------


---------- Date: 2016-10-30 21:44:59 ~ IP : 127.0.0.1 ----------
REQUEST URI : /
MOD DETAILS:
   modFile   : W:\domains\crimean.estate\vqmod/xml/faq.xml
   id        : FAQ for OpenCart 1.5.1.x
   version   : 1.0.0
   vqmver    : 1.2.3
   author    : Fido-X

File Name    : catalog/view/theme/default/template/common/footer.tpl(0)
VQModObject::applyMod - SEARCH NOT FOUND (ABORTING MOD): <li><a href="<?php echo $contact; ?>"><?php echo $text_contact; ?></a></li>

----------------------------------------------------------------------


---------- Date: 2016-10-30 21:45:22 ~ IP : 127.0.0.1 ----------
REQUEST URI : /
MOD DETAILS:
   modFile   : W:\domains\crimean.estate\vqmod/xml/faq.xml
   id        : FAQ for OpenCart 1.5.1.x
   version   : 1.0.0
   vqmver    : 1.2.3
   author    : Fido-X

File Name    : catalog/view/theme/default/template/common/footer.tpl(0)
VQModObject::applyMod - SEARCH NOT FOUND (ABORTING MOD): <li><a href="<?php echo $contact; ?>"><?php echo $text_contact; ?></a></li>

----------------------------------------------------------------------


---------- Date: 2016-10-30 21:51:24 ~ IP : 127.0.0.1 ----------
REQUEST URI : /
MOD DETAILS:
   modFile   : W:\domains\crimean.estate\vqmod/xml/faq.xml
   id        : FAQ for OpenCart 1.5.1.x
   version   : 1.0.0
   vqmver    : 1.2.3
   author    : Fido-X

File Name    : catalog/view/theme/default/template/common/footer.tpl(0)
VQModObject::applyMod - SEARCH NOT FOUND (ABORTING MOD): <li><a href="<?php echo $contact; ?>"><?php echo $text_contact; ?></a></li>

----------------------------------------------------------------------


---------- Date: 2016-10-30 21:57:35 ~ IP : 127.0.0.1 ----------
REQUEST URI : /
MOD DETAILS:
   modFile   : W:\domains\crimean.estate\vqmod/xml/faq.xml
   id        : FAQ for OpenCart 1.5.1.x
   version   : 1.0.0
   vqmver    : 1.2.3
   author    : Fido-X

File Name    : catalog/view/theme/default/template/common/footer.tpl(0)
VQModObject::applyMod - SEARCH NOT FOUND (ABORTING MOD): <li><a href="<?php echo $contact; ?>"><?php echo $text_contact; ?></a></li>

----------------------------------------------------------------------


---------- Date: 2016-10-30 21:57:58 ~ IP : 127.0.0.1 ----------
REQUEST URI : /
MOD DETAILS:
   modFile   : W:\domains\crimean.estate\vqmod/xml/faq.xml
   id        : FAQ for OpenCart 1.5.1.x
   version   : 1.0.0
   vqmver    : 1.2.3
   author    : Fido-X

File Name    : catalog/view/theme/default/template/common/footer.tpl(0)
VQModObject::applyMod - SEARCH NOT FOUND (ABORTING MOD): <li><a href="<?php echo $contact; ?>"><?php echo $text_contact; ?></a></li>

----------------------------------------------------------------------


---------- Date: 2016-10-30 21:58:58 ~ IP : 127.0.0.1 ----------
REQUEST URI : /
MOD DETAILS:
   modFile   : W:\domains\crimean.estate\vqmod/xml/faq.xml
   id        : FAQ for OpenCart 1.5.1.x
   version   : 1.0.0
   vqmver    : 1.2.3
   author    : Fido-X

File Name    : catalog/view/theme/default/template/common/footer.tpl(0)
VQModObject::applyMod - SEARCH NOT FOUND (ABORTING MOD): <li><a href="<?php echo $contact; ?>"><?php echo $text_contact; ?></a></li>

----------------------------------------------------------------------


---------- Date: 2016-10-30 21:59:11 ~ IP : 127.0.0.1 ----------
REQUEST URI : /
MOD DETAILS:
   modFile   : W:\domains\crimean.estate\vqmod/xml/faq.xml
   id        : FAQ for OpenCart 1.5.1.x
   version   : 1.0.0
   vqmver    : 1.2.3
   author    : Fido-X

File Name    : catalog/view/theme/default/template/common/footer.tpl(0)
VQModObject::applyMod - SEARCH NOT FOUND (ABORTING MOD): <li><a href="<?php echo $contact; ?>"><?php echo $text_contact; ?></a></li>

----------------------------------------------------------------------


---------- Date: 2016-10-30 21:59:50 ~ IP : 127.0.0.1 ----------
REQUEST URI : /
MOD DETAILS:
   modFile   : W:\domains\crimean.estate\vqmod/xml/faq.xml
   id        : FAQ for OpenCart 1.5.1.x
   version   : 1.0.0
   vqmver    : 1.2.3
   author    : Fido-X

File Name    : catalog/view/theme/default/template/common/footer.tpl(0)
VQModObject::applyMod - SEARCH NOT FOUND (ABORTING MOD): <li><a href="<?php echo $contact; ?>"><?php echo $text_contact; ?></a></li>

----------------------------------------------------------------------


---------- Date: 2016-10-30 22:00:23 ~ IP : 127.0.0.1 ----------
REQUEST URI : /
MOD DETAILS:
   modFile   : W:\domains\crimean.estate\vqmod/xml/faq.xml
   id        : FAQ for OpenCart 1.5.1.x
   version   : 1.0.0
   vqmver    : 1.2.3
   author    : Fido-X

File Name    : catalog/view/theme/default/template/common/footer.tpl(0)
VQModObject::applyMod - SEARCH NOT FOUND (ABORTING MOD): <li><a href="<?php echo $contact; ?>"><?php echo $text_contact; ?></a></li>

----------------------------------------------------------------------


---------- Date: 2016-10-30 22:01:20 ~ IP : 127.0.0.1 ----------
REQUEST URI : /
MOD DETAILS:
   modFile   : W:\domains\crimean.estate\vqmod/xml/faq.xml
   id        : FAQ for OpenCart 1.5.1.x
   version   : 1.0.0
   vqmver    : 1.2.3
   author    : Fido-X

File Name    : catalog/view/theme/default/template/common/footer.tpl(0)
VQModObject::applyMod - SEARCH NOT FOUND (ABORTING MOD): <li><a href="<?php echo $contact; ?>"><?php echo $text_contact; ?></a></li>

----------------------------------------------------------------------


---------- Date: 2016-10-30 22:03:09 ~ IP : 127.0.0.1 ----------
REQUEST URI : /
MOD DETAILS:
   modFile   : W:\domains\crimean.estate\vqmod/xml/faq.xml
   id        : FAQ for OpenCart 1.5.1.x
   version   : 1.0.0
   vqmver    : 1.2.3
   author    : Fido-X

File Name    : catalog/view/theme/default/template/common/footer.tpl(0)
VQModObject::applyMod - SEARCH NOT FOUND (ABORTING MOD): <li><a href="<?php echo $contact; ?>"><?php echo $text_contact; ?></a></li>

----------------------------------------------------------------------


---------- Date: 2016-10-30 22:03:35 ~ IP : 127.0.0.1 ----------
REQUEST URI : /
MOD DETAILS:
   modFile   : W:\domains\crimean.estate\vqmod/xml/faq.xml
   id        : FAQ for OpenCart 1.5.1.x
   version   : 1.0.0
   vqmver    : 1.2.3
   author    : Fido-X

File Name    : catalog/view/theme/default/template/common/footer.tpl(0)
VQModObject::applyMod - SEARCH NOT FOUND (ABORTING MOD): <li><a href="<?php echo $contact; ?>"><?php echo $text_contact; ?></a></li>

----------------------------------------------------------------------


---------- Date: 2016-10-30 22:06:03 ~ IP : 127.0.0.1 ----------
REQUEST URI : /
MOD DETAILS:
   modFile   : W:\domains\crimean.estate\vqmod/xml/faq.xml
   id        : FAQ for OpenCart 1.5.1.x
   version   : 1.0.0
   vqmver    : 1.2.3
   author    : Fido-X

File Name    : catalog/view/theme/default/template/common/footer.tpl(0)
VQModObject::applyMod - SEARCH NOT FOUND (ABORTING MOD): <li><a href="<?php echo $contact; ?>"><?php echo $text_contact; ?></a></li>

----------------------------------------------------------------------


---------- Date: 2016-10-30 22:06:38 ~ IP : 127.0.0.1 ----------
REQUEST URI : /
MOD DETAILS:
   modFile   : W:\domains\crimean.estate\vqmod/xml/faq.xml
   id        : FAQ for OpenCart 1.5.1.x
   version   : 1.0.0
   vqmver    : 1.2.3
   author    : Fido-X

File Name    : catalog/view/theme/default/template/common/footer.tpl(0)
VQModObject::applyMod - SEARCH NOT FOUND (ABORTING MOD): <li><a href="<?php echo $contact; ?>"><?php echo $text_contact; ?></a></li>

----------------------------------------------------------------------


---------- Date: 2016-10-30 22:08:11 ~ IP : 127.0.0.1 ----------
REQUEST URI : /
MOD DETAILS:
   modFile   : W:\domains\crimean.estate\vqmod/xml/faq.xml
   id        : FAQ for OpenCart 1.5.1.x
   version   : 1.0.0
   vqmver    : 1.2.3
   author    : Fido-X

File Name    : catalog/view/theme/default/template/common/footer.tpl(0)
VQModObject::applyMod - SEARCH NOT FOUND (ABORTING MOD): <li><a href="<?php echo $contact; ?>"><?php echo $text_contact; ?></a></li>

----------------------------------------------------------------------


---------- Date: 2016-10-30 22:09:19 ~ IP : 127.0.0.1 ----------
REQUEST URI : /
MOD DETAILS:
   modFile   : W:\domains\crimean.estate\vqmod/xml/faq.xml
   id        : FAQ for OpenCart 1.5.1.x
   version   : 1.0.0
   vqmver    : 1.2.3
   author    : Fido-X

File Name    : catalog/view/theme/default/template/common/footer.tpl(0)
VQModObject::applyMod - SEARCH NOT FOUND (ABORTING MOD): <li><a href="<?php echo $contact; ?>"><?php echo $text_contact; ?></a></li>

----------------------------------------------------------------------


---------- Date: 2016-10-30 22:10:27 ~ IP : 127.0.0.1 ----------
REQUEST URI : /
MOD DETAILS:
   modFile   : W:\domains\crimean.estate\vqmod/xml/faq.xml
   id        : FAQ for OpenCart 1.5.1.x
   version   : 1.0.0
   vqmver    : 1.2.3
   author    : Fido-X

File Name    : catalog/view/theme/default/template/common/footer.tpl(0)
VQModObject::applyMod - SEARCH NOT FOUND (ABORTING MOD): <li><a href="<?php echo $contact; ?>"><?php echo $text_contact; ?></a></li>

----------------------------------------------------------------------


---------- Date: 2016-10-30 22:14:26 ~ IP : 127.0.0.1 ----------
REQUEST URI : /
MOD DETAILS:
   modFile   : W:\domains\crimean.estate\vqmod/xml/faq.xml
   id        : FAQ for OpenCart 1.5.1.x
   version   : 1.0.0
   vqmver    : 1.2.3
   author    : Fido-X

File Name    : catalog/view/theme/default/template/common/footer.tpl(0)
VQModObject::applyMod - SEARCH NOT FOUND (ABORTING MOD): <li><a href="<?php echo $contact; ?>"><?php echo $text_contact; ?></a></li>

----------------------------------------------------------------------


---------- Date: 2016-10-30 22:15:05 ~ IP : 127.0.0.1 ----------
REQUEST URI : /
MOD DETAILS:
   modFile   : W:\domains\crimean.estate\vqmod/xml/faq.xml
   id        : FAQ for OpenCart 1.5.1.x
   version   : 1.0.0
   vqmver    : 1.2.3
   author    : Fido-X

File Name    : catalog/view/theme/default/template/common/footer.tpl(0)
VQModObject::applyMod - SEARCH NOT FOUND (ABORTING MOD): <li><a href="<?php echo $contact; ?>"><?php echo $text_contact; ?></a></li>

----------------------------------------------------------------------


---------- Date: 2016-10-30 22:16:48 ~ IP : 127.0.0.1 ----------
REQUEST URI : /
MOD DETAILS:
   modFile   : W:\domains\crimean.estate\vqmod/xml/faq.xml
   id        : FAQ for OpenCart 1.5.1.x
   version   : 1.0.0
   vqmver    : 1.2.3
   author    : Fido-X

File Name    : catalog/view/theme/default/template/common/footer.tpl(0)
VQModObject::applyMod - SEARCH NOT FOUND (ABORTING MOD): <li><a href="<?php echo $contact; ?>"><?php echo $text_contact; ?></a></li>

----------------------------------------------------------------------


---------- Date: 2016-10-30 22:17:05 ~ IP : 127.0.0.1 ----------
REQUEST URI : /
MOD DETAILS:
   modFile   : W:\domains\crimean.estate\vqmod/xml/faq.xml
   id        : FAQ for OpenCart 1.5.1.x
   version   : 1.0.0
   vqmver    : 1.2.3
   author    : Fido-X

File Name    : catalog/view/theme/default/template/common/footer.tpl(0)
VQModObject::applyMod - SEARCH NOT FOUND (ABORTING MOD): <li><a href="<?php echo $contact; ?>"><?php echo $text_contact; ?></a></li>

----------------------------------------------------------------------


---------- Date: 2016-10-30 22:18:04 ~ IP : 127.0.0.1 ----------
REQUEST URI : /
MOD DETAILS:
   modFile   : W:\domains\crimean.estate\vqmod/xml/faq.xml
   id        : FAQ for OpenCart 1.5.1.x
   version   : 1.0.0
   vqmver    : 1.2.3
   author    : Fido-X

File Name    : catalog/view/theme/default/template/common/footer.tpl(0)
VQModObject::applyMod - SEARCH NOT FOUND (ABORTING MOD): <li><a href="<?php echo $contact; ?>"><?php echo $text_contact; ?></a></li>

----------------------------------------------------------------------


---------- Date: 2016-10-30 22:18:14 ~ IP : 127.0.0.1 ----------
REQUEST URI : /
MOD DETAILS:
   modFile   : W:\domains\crimean.estate\vqmod/xml/faq.xml
   id        : FAQ for OpenCart 1.5.1.x
   version   : 1.0.0
   vqmver    : 1.2.3
   author    : Fido-X

File Name    : catalog/view/theme/default/template/common/footer.tpl(0)
VQModObject::applyMod - SEARCH NOT FOUND (ABORTING MOD): <li><a href="<?php echo $contact; ?>"><?php echo $text_contact; ?></a></li>

----------------------------------------------------------------------


---------- Date: 2016-10-30 22:18:24 ~ IP : 127.0.0.1 ----------
REQUEST URI : /
MOD DETAILS:
   modFile   : W:\domains\crimean.estate\vqmod/xml/faq.xml
   id        : FAQ for OpenCart 1.5.1.x
   version   : 1.0.0
   vqmver    : 1.2.3
   author    : Fido-X

File Name    : catalog/view/theme/default/template/common/footer.tpl(0)
VQModObject::applyMod - SEARCH NOT FOUND (ABORTING MOD): <li><a href="<?php echo $contact; ?>"><?php echo $text_contact; ?></a></li>

----------------------------------------------------------------------


---------- Date: 2016-10-30 22:20:05 ~ IP : 127.0.0.1 ----------
REQUEST URI : /
MOD DETAILS:
   modFile   : W:\domains\crimean.estate\vqmod/xml/faq.xml
   id        : FAQ for OpenCart 1.5.1.x
   version   : 1.0.0
   vqmver    : 1.2.3
   author    : Fido-X

File Name    : catalog/view/theme/default/template/common/footer.tpl(0)
VQModObject::applyMod - SEARCH NOT FOUND (ABORTING MOD): <li><a href="<?php echo $contact; ?>"><?php echo $text_contact; ?></a></li>

----------------------------------------------------------------------


---------- Date: 2016-10-30 22:20:17 ~ IP : 127.0.0.1 ----------
REQUEST URI : /
MOD DETAILS:
   modFile   : W:\domains\crimean.estate\vqmod/xml/faq.xml
   id        : FAQ for OpenCart 1.5.1.x
   version   : 1.0.0
   vqmver    : 1.2.3
   author    : Fido-X

File Name    : catalog/view/theme/default/template/common/footer.tpl(0)
VQModObject::applyMod - SEARCH NOT FOUND (ABORTING MOD): <li><a href="<?php echo $contact; ?>"><?php echo $text_contact; ?></a></li>

----------------------------------------------------------------------


---------- Date: 2016-10-30 22:21:46 ~ IP : 127.0.0.1 ----------
REQUEST URI : /
MOD DETAILS:
   modFile   : W:\domains\crimean.estate\vqmod/xml/faq.xml
   id        : FAQ for OpenCart 1.5.1.x
   version   : 1.0.0
   vqmver    : 1.2.3
   author    : Fido-X

File Name    : catalog/view/theme/default/template/common/footer.tpl(0)
VQModObject::applyMod - SEARCH NOT FOUND (ABORTING MOD): <li><a href="<?php echo $contact; ?>"><?php echo $text_contact; ?></a></li>

----------------------------------------------------------------------


---------- Date: 2016-10-30 22:22:07 ~ IP : 127.0.0.1 ----------
REQUEST URI : /
MOD DETAILS:
   modFile   : W:\domains\crimean.estate\vqmod/xml/faq.xml
   id        : FAQ for OpenCart 1.5.1.x
   version   : 1.0.0
   vqmver    : 1.2.3
   author    : Fido-X

File Name    : catalog/view/theme/default/template/common/footer.tpl(0)
VQModObject::applyMod - SEARCH NOT FOUND (ABORTING MOD): <li><a href="<?php echo $contact; ?>"><?php echo $text_contact; ?></a></li>

----------------------------------------------------------------------


---------- Date: 2016-10-30 22:22:34 ~ IP : 127.0.0.1 ----------
REQUEST URI : /
MOD DETAILS:
   modFile   : W:\domains\crimean.estate\vqmod/xml/faq.xml
   id        : FAQ for OpenCart 1.5.1.x
   version   : 1.0.0
   vqmver    : 1.2.3
   author    : Fido-X

File Name    : catalog/view/theme/default/template/common/footer.tpl(0)
VQModObject::applyMod - SEARCH NOT FOUND (ABORTING MOD): <li><a href="<?php echo $contact; ?>"><?php echo $text_contact; ?></a></li>

----------------------------------------------------------------------


---------- Date: 2016-10-30 22:22:45 ~ IP : 127.0.0.1 ----------
REQUEST URI : /
MOD DETAILS:
   modFile   : W:\domains\crimean.estate\vqmod/xml/faq.xml
   id        : FAQ for OpenCart 1.5.1.x
   version   : 1.0.0
   vqmver    : 1.2.3
   author    : Fido-X

File Name    : catalog/view/theme/default/template/common/footer.tpl(0)
VQModObject::applyMod - SEARCH NOT FOUND (ABORTING MOD): <li><a href="<?php echo $contact; ?>"><?php echo $text_contact; ?></a></li>

----------------------------------------------------------------------


---------- Date: 2016-10-30 22:25:50 ~ IP : 127.0.0.1 ----------
REQUEST URI : /
MOD DETAILS:
   modFile   : W:\domains\crimean.estate\vqmod/xml/faq.xml
   id        : FAQ for OpenCart 1.5.1.x
   version   : 1.0.0
   vqmver    : 1.2.3
   author    : Fido-X

File Name    : catalog/view/theme/default/template/common/footer.tpl(0)
VQModObject::applyMod - SEARCH NOT FOUND (ABORTING MOD): <li><a href="<?php echo $contact; ?>"><?php echo $text_contact; ?></a></li>

----------------------------------------------------------------------


---------- Date: 2016-10-30 22:27:59 ~ IP : 127.0.0.1 ----------
REQUEST URI : /
MOD DETAILS:
   modFile   : W:\domains\crimean.estate\vqmod/xml/faq.xml
   id        : FAQ for OpenCart 1.5.1.x
   version   : 1.0.0
   vqmver    : 1.2.3
   author    : Fido-X

File Name    : catalog/view/theme/default/template/common/footer.tpl(0)
VQModObject::applyMod - SEARCH NOT FOUND (ABORTING MOD): <li><a href="<?php echo $contact; ?>"><?php echo $text_contact; ?></a></li>

----------------------------------------------------------------------


---------- Date: 2016-10-30 22:31:59 ~ IP : 127.0.0.1 ----------
REQUEST URI : /
MOD DETAILS:
   modFile   : W:\domains\crimean.estate\vqmod/xml/faq.xml
   id        : FAQ for OpenCart 1.5.1.x
   version   : 1.0.0
   vqmver    : 1.2.3
   author    : Fido-X

File Name    : catalog/view/theme/default/template/common/footer.tpl(0)
VQModObject::applyMod - SEARCH NOT FOUND (ABORTING MOD): <li><a href="<?php echo $contact; ?>"><?php echo $text_contact; ?></a></li>

----------------------------------------------------------------------


---------- Date: 2016-10-30 22:32:19 ~ IP : 127.0.0.1 ----------
REQUEST URI : /
MOD DETAILS:
   modFile   : W:\domains\crimean.estate\vqmod/xml/faq.xml
   id        : FAQ for OpenCart 1.5.1.x
   version   : 1.0.0
   vqmver    : 1.2.3
   author    : Fido-X

File Name    : catalog/view/theme/default/template/common/footer.tpl(0)
VQModObject::applyMod - SEARCH NOT FOUND (ABORTING MOD): <li><a href="<?php echo $contact; ?>"><?php echo $text_contact; ?></a></li>

----------------------------------------------------------------------


---------- Date: 2016-10-30 22:36:47 ~ IP : 127.0.0.1 ----------
REQUEST URI : /
MOD DETAILS:
   modFile   : W:\domains\crimean.estate\vqmod/xml/faq.xml
   id        : FAQ for OpenCart 1.5.1.x
   version   : 1.0.0
   vqmver    : 1.2.3
   author    : Fido-X

File Name    : catalog/view/theme/default/template/common/footer.tpl(0)
VQModObject::applyMod - SEARCH NOT FOUND (ABORTING MOD): <li><a href="<?php echo $contact; ?>"><?php echo $text_contact; ?></a></li>

----------------------------------------------------------------------


---------- Date: 2016-10-30 22:37:31 ~ IP : 127.0.0.1 ----------
REQUEST URI : /
MOD DETAILS:
   modFile   : W:\domains\crimean.estate\vqmod/xml/faq.xml
   id        : FAQ for OpenCart 1.5.1.x
   version   : 1.0.0
   vqmver    : 1.2.3
   author    : Fido-X

File Name    : catalog/view/theme/default/template/common/footer.tpl(0)
VQModObject::applyMod - SEARCH NOT FOUND (ABORTING MOD): <li><a href="<?php echo $contact; ?>"><?php echo $text_contact; ?></a></li>

----------------------------------------------------------------------


---------- Date: 2016-10-30 22:38:33 ~ IP : 127.0.0.1 ----------
REQUEST URI : /
MOD DETAILS:
   modFile   : W:\domains\crimean.estate\vqmod/xml/faq.xml
   id        : FAQ for OpenCart 1.5.1.x
   version   : 1.0.0
   vqmver    : 1.2.3
   author    : Fido-X

File Name    : catalog/view/theme/default/template/common/footer.tpl(0)
VQModObject::applyMod - SEARCH NOT FOUND (ABORTING MOD): <li><a href="<?php echo $contact; ?>"><?php echo $text_contact; ?></a></li>

----------------------------------------------------------------------


---------- Date: 2016-10-30 22:39:19 ~ IP : 127.0.0.1 ----------
REQUEST URI : /
MOD DETAILS:
   modFile   : W:\domains\crimean.estate\vqmod/xml/faq.xml
   id        : FAQ for OpenCart 1.5.1.x
   version   : 1.0.0
   vqmver    : 1.2.3
   author    : Fido-X

File Name    : catalog/view/theme/default/template/common/footer.tpl(0)
VQModObject::applyMod - SEARCH NOT FOUND (ABORTING MOD): <li><a href="<?php echo $contact; ?>"><?php echo $text_contact; ?></a></li>

----------------------------------------------------------------------


---------- Date: 2016-10-30 22:40:25 ~ IP : 127.0.0.1 ----------
REQUEST URI : /
MOD DETAILS:
   modFile   : W:\domains\crimean.estate\vqmod/xml/faq.xml
   id        : FAQ for OpenCart 1.5.1.x
   version   : 1.0.0
   vqmver    : 1.2.3
   author    : Fido-X

File Name    : catalog/view/theme/default/template/common/footer.tpl(0)
VQModObject::applyMod - SEARCH NOT FOUND (ABORTING MOD): <li><a href="<?php echo $contact; ?>"><?php echo $text_contact; ?></a></li>

----------------------------------------------------------------------


---------- Date: 2016-10-30 22:41:03 ~ IP : 127.0.0.1 ----------
REQUEST URI : /
MOD DETAILS:
   modFile   : W:\domains\crimean.estate\vqmod/xml/faq.xml
   id        : FAQ for OpenCart 1.5.1.x
   version   : 1.0.0
   vqmver    : 1.2.3
   author    : Fido-X

File Name    : catalog/view/theme/default/template/common/footer.tpl(0)
VQModObject::applyMod - SEARCH NOT FOUND (ABORTING MOD): <li><a href="<?php echo $contact; ?>"><?php echo $text_contact; ?></a></li>

----------------------------------------------------------------------


---------- Date: 2016-10-30 22:41:50 ~ IP : 127.0.0.1 ----------
REQUEST URI : /
MOD DETAILS:
   modFile   : W:\domains\crimean.estate\vqmod/xml/faq.xml
   id        : FAQ for OpenCart 1.5.1.x
   version   : 1.0.0
   vqmver    : 1.2.3
   author    : Fido-X

File Name    : catalog/view/theme/default/template/common/footer.tpl(0)
VQModObject::applyMod - SEARCH NOT FOUND (ABORTING MOD): <li><a href="<?php echo $contact; ?>"><?php echo $text_contact; ?></a></li>

----------------------------------------------------------------------


---------- Date: 2016-10-30 22:45:23 ~ IP : 127.0.0.1 ----------
REQUEST URI : /
MOD DETAILS:
   modFile   : W:\domains\crimean.estate\vqmod/xml/faq.xml
   id        : FAQ for OpenCart 1.5.1.x
   version   : 1.0.0
   vqmver    : 1.2.3
   author    : Fido-X

File Name    : catalog/view/theme/default/template/common/footer.tpl(0)
VQModObject::applyMod - SEARCH NOT FOUND (ABORTING MOD): <li><a href="<?php echo $contact; ?>"><?php echo $text_contact; ?></a></li>

----------------------------------------------------------------------


---------- Date: 2016-10-30 22:46:22 ~ IP : 127.0.0.1 ----------
REQUEST URI : /
MOD DETAILS:
   modFile   : W:\domains\crimean.estate\vqmod/xml/faq.xml
   id        : FAQ for OpenCart 1.5.1.x
   version   : 1.0.0
   vqmver    : 1.2.3
   author    : Fido-X

File Name    : catalog/view/theme/default/template/common/footer.tpl(0)
VQModObject::applyMod - SEARCH NOT FOUND (ABORTING MOD): <li><a href="<?php echo $contact; ?>"><?php echo $text_contact; ?></a></li>

----------------------------------------------------------------------


---------- Date: 2016-10-30 22:47:04 ~ IP : 127.0.0.1 ----------
REQUEST URI : /
MOD DETAILS:
   modFile   : W:\domains\crimean.estate\vqmod/xml/faq.xml
   id        : FAQ for OpenCart 1.5.1.x
   version   : 1.0.0
   vqmver    : 1.2.3
   author    : Fido-X

File Name    : catalog/view/theme/default/template/common/footer.tpl(0)
VQModObject::applyMod - SEARCH NOT FOUND (ABORTING MOD): <li><a href="<?php echo $contact; ?>"><?php echo $text_contact; ?></a></li>

----------------------------------------------------------------------


---------- Date: 2016-10-30 22:47:43 ~ IP : 127.0.0.1 ----------
REQUEST URI : /
MOD DETAILS:
   modFile   : W:\domains\crimean.estate\vqmod/xml/faq.xml
   id        : FAQ for OpenCart 1.5.1.x
   version   : 1.0.0
   vqmver    : 1.2.3
   author    : Fido-X

File Name    : catalog/view/theme/default/template/common/footer.tpl(0)
VQModObject::applyMod - SEARCH NOT FOUND (ABORTING MOD): <li><a href="<?php echo $contact; ?>"><?php echo $text_contact; ?></a></li>

----------------------------------------------------------------------


---------- Date: 2016-10-30 22:48:27 ~ IP : 127.0.0.1 ----------
REQUEST URI : /
MOD DETAILS:
   modFile   : W:\domains\crimean.estate\vqmod/xml/faq.xml
   id        : FAQ for OpenCart 1.5.1.x
   version   : 1.0.0
   vqmver    : 1.2.3
   author    : Fido-X

File Name    : catalog/view/theme/default/template/common/footer.tpl(0)
VQModObject::applyMod - SEARCH NOT FOUND (ABORTING MOD): <li><a href="<?php echo $contact; ?>"><?php echo $text_contact; ?></a></li>

----------------------------------------------------------------------


