---------- Date: 2016-11-03 13:13:33 ~ IP : 127.0.0.1 ----------
REQUEST URI : /
MOD DETAILS:
   modFile   : W:\domains\crimean.estate\vqmod/xml/faq.xml
   id        : FAQ for OpenCart 1.5.1.x
   version   : 1.0.0
   vqmver    : 1.2.3
   author    : Fido-X

File Name    : catalog/view/theme/default/template/common/footer.tpl(0)
VQModObject::applyMod - SEARCH NOT FOUND (ABORTING MOD): <li><a href="<?php echo $contact; ?>"><?php echo $text_contact; ?></a></li>

----------------------------------------------------------------------


---------- Date: 2016-11-03 13:15:47 ~ IP : 127.0.0.1 ----------
REQUEST URI : /
MOD DETAILS:
   modFile   : W:\domains\crimean.estate\vqmod/xml/faq.xml
   id        : FAQ for OpenCart 1.5.1.x
   version   : 1.0.0
   vqmver    : 1.2.3
   author    : Fido-X

File Name    : catalog/view/theme/default/template/common/footer.tpl(0)
VQModObject::applyMod - SEARCH NOT FOUND (ABORTING MOD): <li><a href="<?php echo $contact; ?>"><?php echo $text_contact; ?></a></li>

----------------------------------------------------------------------


---------- Date: 2016-11-03 13:17:50 ~ IP : 127.0.0.1 ----------
REQUEST URI : /
MOD DETAILS:
   modFile   : W:\domains\crimean.estate\vqmod/xml/faq.xml
   id        : FAQ for OpenCart 1.5.1.x
   version   : 1.0.0
   vqmver    : 1.2.3
   author    : Fido-X

File Name    : catalog/view/theme/default/template/common/footer.tpl(0)
VQModObject::applyMod - SEARCH NOT FOUND (ABORTING MOD): <li><a href="<?php echo $contact; ?>"><?php echo $text_contact; ?></a></li>

----------------------------------------------------------------------


---------- Date: 2016-11-03 13:18:38 ~ IP : 127.0.0.1 ----------
REQUEST URI : /
MOD DETAILS:
   modFile   : W:\domains\crimean.estate\vqmod/xml/faq.xml
   id        : FAQ for OpenCart 1.5.1.x
   version   : 1.0.0
   vqmver    : 1.2.3
   author    : Fido-X

File Name    : catalog/view/theme/default/template/common/footer.tpl(0)
VQModObject::applyMod - SEARCH NOT FOUND (ABORTING MOD): <li><a href="<?php echo $contact; ?>"><?php echo $text_contact; ?></a></li>

----------------------------------------------------------------------


---------- Date: 2016-11-03 13:18:53 ~ IP : 127.0.0.1 ----------
REQUEST URI : /
MOD DETAILS:
   modFile   : W:\domains\crimean.estate\vqmod/xml/faq.xml
   id        : FAQ for OpenCart 1.5.1.x
   version   : 1.0.0
   vqmver    : 1.2.3
   author    : Fido-X

File Name    : catalog/view/theme/default/template/common/footer.tpl(0)
VQModObject::applyMod - SEARCH NOT FOUND (ABORTING MOD): <li><a href="<?php echo $contact; ?>"><?php echo $text_contact; ?></a></li>

----------------------------------------------------------------------


---------- Date: 2016-11-03 13:49:56 ~ IP : 127.0.0.1 ----------
REQUEST URI : /
MOD DETAILS:
   modFile   : W:\domains\crimean.estate\vqmod/xml/faq.xml
   id        : FAQ for OpenCart 1.5.1.x
   version   : 1.0.0
   vqmver    : 1.2.3
   author    : Fido-X

File Name    : catalog/view/theme/default/template/common/footer.tpl(0)
VQModObject::applyMod - SEARCH NOT FOUND (ABORTING MOD): <li><a href="<?php echo $contact; ?>"><?php echo $text_contact; ?></a></li>

----------------------------------------------------------------------


---------- Date: 2016-11-03 13:52:27 ~ IP : 127.0.0.1 ----------
REQUEST URI : /index.php?route=product/category&amp;path=20
MOD DETAILS:
   modFile   : W:\domains\crimean.estate\vqmod/xml/faq.xml
   id        : FAQ for OpenCart 1.5.1.x
   version   : 1.0.0
   vqmver    : 1.2.3
   author    : Fido-X

File Name    : catalog/view/theme/default/template/common/footer.tpl(0)
VQModObject::applyMod - SEARCH NOT FOUND (ABORTING MOD): <li><a href="<?php echo $contact; ?>"><?php echo $text_contact; ?></a></li>

----------------------------------------------------------------------


---------- Date: 2016-11-03 13:52:28 ~ IP : 127.0.0.1 ----------
REQUEST URI : /index.php?route=product/category&amp;path=94
MOD DETAILS:
   modFile   : W:\domains\crimean.estate\vqmod/xml/faq.xml
   id        : FAQ for OpenCart 1.5.1.x
   version   : 1.0.0
   vqmver    : 1.2.3
   author    : Fido-X

File Name    : catalog/view/theme/default/template/common/footer.tpl(0)
VQModObject::applyMod - SEARCH NOT FOUND (ABORTING MOD): <li><a href="<?php echo $contact; ?>"><?php echo $text_contact; ?></a></li>

----------------------------------------------------------------------


---------- Date: 2016-11-03 13:52:30 ~ IP : 127.0.0.1 ----------
REQUEST URI : /index.php?route=information/information&amp;information_id=4
MOD DETAILS:
   modFile   : W:\domains\crimean.estate\vqmod/xml/faq.xml
   id        : FAQ for OpenCart 1.5.1.x
   version   : 1.0.0
   vqmver    : 1.2.3
   author    : Fido-X

File Name    : catalog/view/theme/default/template/common/footer.tpl(0)
VQModObject::applyMod - SEARCH NOT FOUND (ABORTING MOD): <li><a href="<?php echo $contact; ?>"><?php echo $text_contact; ?></a></li>

----------------------------------------------------------------------


---------- Date: 2016-11-03 13:52:32 ~ IP : 127.0.0.1 ----------
REQUEST URI : /index.php?route=information/contact
MOD DETAILS:
   modFile   : W:\domains\crimean.estate\vqmod/xml/faq.xml
   id        : FAQ for OpenCart 1.5.1.x
   version   : 1.0.0
   vqmver    : 1.2.3
   author    : Fido-X

File Name    : catalog/view/theme/default/template/common/footer.tpl(0)
VQModObject::applyMod - SEARCH NOT FOUND (ABORTING MOD): <li><a href="<?php echo $contact; ?>"><?php echo $text_contact; ?></a></li>

----------------------------------------------------------------------


---------- Date: 2016-11-03 13:53:30 ~ IP : 127.0.0.1 ----------
REQUEST URI : /
MOD DETAILS:
   modFile   : W:\domains\crimean.estate\vqmod/xml/faq.xml
   id        : FAQ for OpenCart 1.5.1.x
   version   : 1.0.0
   vqmver    : 1.2.3
   author    : Fido-X

File Name    : catalog/view/theme/default/template/common/footer.tpl(0)
VQModObject::applyMod - SEARCH NOT FOUND (ABORTING MOD): <li><a href="<?php echo $contact; ?>"><?php echo $text_contact; ?></a></li>

----------------------------------------------------------------------


---------- Date: 2016-11-03 13:55:18 ~ IP : 127.0.0.1 ----------
REQUEST URI : /
MOD DETAILS:
   modFile   : W:\domains\crimean.estate\vqmod/xml/faq.xml
   id        : FAQ for OpenCart 1.5.1.x
   version   : 1.0.0
   vqmver    : 1.2.3
   author    : Fido-X

File Name    : catalog/view/theme/default/template/common/footer.tpl(0)
VQModObject::applyMod - SEARCH NOT FOUND (ABORTING MOD): <li><a href="<?php echo $contact; ?>"><?php echo $text_contact; ?></a></li>

----------------------------------------------------------------------


---------- Date: 2016-11-03 13:56:36 ~ IP : 127.0.0.1 ----------
REQUEST URI : /
MOD DETAILS:
   modFile   : W:\domains\crimean.estate\vqmod/xml/faq.xml
   id        : FAQ for OpenCart 1.5.1.x
   version   : 1.0.0
   vqmver    : 1.2.3
   author    : Fido-X

File Name    : catalog/view/theme/default/template/common/footer.tpl(0)
VQModObject::applyMod - SEARCH NOT FOUND (ABORTING MOD): <li><a href="<?php echo $contact; ?>"><?php echo $text_contact; ?></a></li>

----------------------------------------------------------------------


---------- Date: 2016-11-03 14:05:38 ~ IP : 127.0.0.1 ----------
REQUEST URI : /
MOD DETAILS:
   modFile   : W:\domains\crimean.estate\vqmod/xml/faq.xml
   id        : FAQ for OpenCart 1.5.1.x
   version   : 1.0.0
   vqmver    : 1.2.3
   author    : Fido-X

File Name    : catalog/view/theme/default/template/common/footer.tpl(0)
VQModObject::applyMod - SEARCH NOT FOUND (ABORTING MOD): <li><a href="<?php echo $contact; ?>"><?php echo $text_contact; ?></a></li>

----------------------------------------------------------------------


---------- Date: 2016-11-03 14:10:03 ~ IP : 127.0.0.1 ----------
REQUEST URI : /
MOD DETAILS:
   modFile   : W:\domains\crimean.estate\vqmod/xml/faq.xml
   id        : FAQ for OpenCart 1.5.1.x
   version   : 1.0.0
   vqmver    : 1.2.3
   author    : Fido-X

File Name    : catalog/view/theme/default/template/common/footer.tpl(0)
VQModObject::applyMod - SEARCH NOT FOUND (ABORTING MOD): <li><a href="<?php echo $contact; ?>"><?php echo $text_contact; ?></a></li>

----------------------------------------------------------------------


---------- Date: 2016-11-03 14:11:22 ~ IP : 127.0.0.1 ----------
REQUEST URI : /
MOD DETAILS:
   modFile   : W:\domains\crimean.estate\vqmod/xml/faq.xml
   id        : FAQ for OpenCart 1.5.1.x
   version   : 1.0.0
   vqmver    : 1.2.3
   author    : Fido-X

File Name    : catalog/view/theme/default/template/common/footer.tpl(0)
VQModObject::applyMod - SEARCH NOT FOUND (ABORTING MOD): <li><a href="<?php echo $contact; ?>"><?php echo $text_contact; ?></a></li>

----------------------------------------------------------------------


---------- Date: 2016-11-03 14:12:09 ~ IP : 127.0.0.1 ----------
REQUEST URI : /
MOD DETAILS:
   modFile   : W:\domains\crimean.estate\vqmod/xml/faq.xml
   id        : FAQ for OpenCart 1.5.1.x
   version   : 1.0.0
   vqmver    : 1.2.3
   author    : Fido-X

File Name    : catalog/view/theme/default/template/common/footer.tpl(0)
VQModObject::applyMod - SEARCH NOT FOUND (ABORTING MOD): <li><a href="<?php echo $contact; ?>"><?php echo $text_contact; ?></a></li>

----------------------------------------------------------------------


---------- Date: 2016-11-03 14:19:48 ~ IP : 127.0.0.1 ----------
REQUEST URI : /
MOD DETAILS:
   modFile   : W:\domains\crimean.estate\vqmod/xml/faq.xml
   id        : FAQ for OpenCart 1.5.1.x
   version   : 1.0.0
   vqmver    : 1.2.3
   author    : Fido-X

File Name    : catalog/view/theme/default/template/common/footer.tpl(0)
VQModObject::applyMod - SEARCH NOT FOUND (ABORTING MOD): <li><a href="<?php echo $contact; ?>"><?php echo $text_contact; ?></a></li>

----------------------------------------------------------------------


---------- Date: 2016-11-03 14:21:00 ~ IP : 127.0.0.1 ----------
REQUEST URI : /
MOD DETAILS:
   modFile   : W:\domains\crimean.estate\vqmod/xml/faq.xml
   id        : FAQ for OpenCart 1.5.1.x
   version   : 1.0.0
   vqmver    : 1.2.3
   author    : Fido-X

File Name    : catalog/view/theme/default/template/common/footer.tpl(0)
VQModObject::applyMod - SEARCH NOT FOUND (ABORTING MOD): <li><a href="<?php echo $contact; ?>"><?php echo $text_contact; ?></a></li>

----------------------------------------------------------------------


---------- Date: 2016-11-03 14:21:40 ~ IP : 127.0.0.1 ----------
REQUEST URI : /
MOD DETAILS:
   modFile   : W:\domains\crimean.estate\vqmod/xml/faq.xml
   id        : FAQ for OpenCart 1.5.1.x
   version   : 1.0.0
   vqmver    : 1.2.3
   author    : Fido-X

File Name    : catalog/view/theme/default/template/common/footer.tpl(0)
VQModObject::applyMod - SEARCH NOT FOUND (ABORTING MOD): <li><a href="<?php echo $contact; ?>"><?php echo $text_contact; ?></a></li>

----------------------------------------------------------------------


---------- Date: 2016-11-03 14:22:13 ~ IP : 127.0.0.1 ----------
REQUEST URI : /
MOD DETAILS:
   modFile   : W:\domains\crimean.estate\vqmod/xml/faq.xml
   id        : FAQ for OpenCart 1.5.1.x
   version   : 1.0.0
   vqmver    : 1.2.3
   author    : Fido-X

File Name    : catalog/view/theme/default/template/common/footer.tpl(0)
VQModObject::applyMod - SEARCH NOT FOUND (ABORTING MOD): <li><a href="<?php echo $contact; ?>"><?php echo $text_contact; ?></a></li>

----------------------------------------------------------------------


---------- Date: 2016-11-03 17:04:58 ~ IP : 127.0.0.1 ----------
REQUEST URI : /index.php?route=information/information&amp;information_id=26
MOD DETAILS:
   modFile   : W:\domains\crimean.estate\vqmod/xml/faq.xml
   id        : FAQ for OpenCart 1.5.1.x
   version   : 1.0.0
   vqmver    : 1.2.3
   author    : Fido-X

File Name    : catalog/view/theme/default/template/common/footer.tpl(0)
VQModObject::applyMod - SEARCH NOT FOUND (ABORTING MOD): <li><a href="<?php echo $contact; ?>"><?php echo $text_contact; ?></a></li>

----------------------------------------------------------------------


---------- Date: 2016-11-03 17:05:32 ~ IP : 127.0.0.1 ----------
REQUEST URI : /index.php?route=product/category&amp;path=20_64
MOD DETAILS:
   modFile   : W:\domains\crimean.estate\vqmod/xml/faq.xml
   id        : FAQ for OpenCart 1.5.1.x
   version   : 1.0.0
   vqmver    : 1.2.3
   author    : Fido-X

File Name    : catalog/view/theme/default/template/common/footer.tpl(0)
VQModObject::applyMod - SEARCH NOT FOUND (ABORTING MOD): <li><a href="<?php echo $contact; ?>"><?php echo $text_contact; ?></a></li>

----------------------------------------------------------------------


---------- Date: 2016-11-03 17:05:37 ~ IP : 127.0.0.1 ----------
REQUEST URI : /index.php?route=product/product&amp;path=20_64&amp;product_id=650
MOD DETAILS:
   modFile   : W:\domains\crimean.estate\vqmod/xml/faq.xml
   id        : FAQ for OpenCart 1.5.1.x
   version   : 1.0.0
   vqmver    : 1.2.3
   author    : Fido-X

File Name    : catalog/view/theme/default/template/common/footer.tpl(0)
VQModObject::applyMod - SEARCH NOT FOUND (ABORTING MOD): <li><a href="<?php echo $contact; ?>"><?php echo $text_contact; ?></a></li>

----------------------------------------------------------------------


---------- Date: 2016-11-03 17:05:39 ~ IP : 127.0.0.1 ----------
REQUEST URI : /
MOD DETAILS:
   modFile   : W:\domains\crimean.estate\vqmod/xml/faq.xml
   id        : FAQ for OpenCart 1.5.1.x
   version   : 1.0.0
   vqmver    : 1.2.3
   author    : Fido-X

File Name    : catalog/view/theme/default/template/common/footer.tpl(0)
VQModObject::applyMod - SEARCH NOT FOUND (ABORTING MOD): <li><a href="<?php echo $contact; ?>"><?php echo $text_contact; ?></a></li>

----------------------------------------------------------------------


---------- Date: 2016-11-03 17:09:13 ~ IP : 127.0.0.1 ----------
REQUEST URI : /index.php?route=product/product&amp;path=20_64&amp;product_id=650
MOD DETAILS:
   modFile   : W:\domains\crimean.estate\vqmod/xml/faq.xml
   id        : FAQ for OpenCart 1.5.1.x
   version   : 1.0.0
   vqmver    : 1.2.3
   author    : Fido-X

File Name    : catalog/view/theme/default/template/common/footer.tpl(0)
VQModObject::applyMod - SEARCH NOT FOUND (ABORTING MOD): <li><a href="<?php echo $contact; ?>"><?php echo $text_contact; ?></a></li>

----------------------------------------------------------------------


---------- Date: 2016-11-03 17:09:15 ~ IP : 127.0.0.1 ----------
REQUEST URI : /
MOD DETAILS:
   modFile   : W:\domains\crimean.estate\vqmod/xml/faq.xml
   id        : FAQ for OpenCart 1.5.1.x
   version   : 1.0.0
   vqmver    : 1.2.3
   author    : Fido-X

File Name    : catalog/view/theme/default/template/common/footer.tpl(0)
VQModObject::applyMod - SEARCH NOT FOUND (ABORTING MOD): <li><a href="<?php echo $contact; ?>"><?php echo $text_contact; ?></a></li>

----------------------------------------------------------------------


---------- Date: 2016-11-03 17:13:11 ~ IP : 127.0.0.1 ----------
REQUEST URI : /index.php?route=product/product&amp;path=20_64&amp;product_id=650
MOD DETAILS:
   modFile   : W:\domains\crimean.estate\vqmod/xml/faq.xml
   id        : FAQ for OpenCart 1.5.1.x
   version   : 1.0.0
   vqmver    : 1.2.3
   author    : Fido-X

File Name    : catalog/view/theme/default/template/common/footer.tpl(0)
VQModObject::applyMod - SEARCH NOT FOUND (ABORTING MOD): <li><a href="<?php echo $contact; ?>"><?php echo $text_contact; ?></a></li>

----------------------------------------------------------------------


---------- Date: 2016-11-03 17:13:14 ~ IP : 127.0.0.1 ----------
REQUEST URI : /
MOD DETAILS:
   modFile   : W:\domains\crimean.estate\vqmod/xml/faq.xml
   id        : FAQ for OpenCart 1.5.1.x
   version   : 1.0.0
   vqmver    : 1.2.3
   author    : Fido-X

File Name    : catalog/view/theme/default/template/common/footer.tpl(0)
VQModObject::applyMod - SEARCH NOT FOUND (ABORTING MOD): <li><a href="<?php echo $contact; ?>"><?php echo $text_contact; ?></a></li>

----------------------------------------------------------------------


---------- Date: 2016-11-03 17:17:03 ~ IP : 127.0.0.1 ----------
REQUEST URI : /index.php?route=product/product&amp;path=20_64&amp;product_id=650
MOD DETAILS:
   modFile   : W:\domains\crimean.estate\vqmod/xml/faq.xml
   id        : FAQ for OpenCart 1.5.1.x
   version   : 1.0.0
   vqmver    : 1.2.3
   author    : Fido-X

File Name    : catalog/view/theme/default/template/common/footer.tpl(0)
VQModObject::applyMod - SEARCH NOT FOUND (ABORTING MOD): <li><a href="<?php echo $contact; ?>"><?php echo $text_contact; ?></a></li>

----------------------------------------------------------------------


---------- Date: 2016-11-03 17:17:06 ~ IP : 127.0.0.1 ----------
REQUEST URI : /
MOD DETAILS:
   modFile   : W:\domains\crimean.estate\vqmod/xml/faq.xml
   id        : FAQ for OpenCart 1.5.1.x
   version   : 1.0.0
   vqmver    : 1.2.3
   author    : Fido-X

File Name    : catalog/view/theme/default/template/common/footer.tpl(0)
VQModObject::applyMod - SEARCH NOT FOUND (ABORTING MOD): <li><a href="<?php echo $contact; ?>"><?php echo $text_contact; ?></a></li>

----------------------------------------------------------------------


---------- Date: 2016-11-03 17:20:40 ~ IP : 127.0.0.1 ----------
REQUEST URI : /index.php?route=product/product&amp;path=20_64&amp;product_id=650
MOD DETAILS:
   modFile   : W:\domains\crimean.estate\vqmod/xml/faq.xml
   id        : FAQ for OpenCart 1.5.1.x
   version   : 1.0.0
   vqmver    : 1.2.3
   author    : Fido-X

File Name    : catalog/view/theme/default/template/common/footer.tpl(0)
VQModObject::applyMod - SEARCH NOT FOUND (ABORTING MOD): <li><a href="<?php echo $contact; ?>"><?php echo $text_contact; ?></a></li>

----------------------------------------------------------------------


---------- Date: 2016-11-03 17:20:43 ~ IP : 127.0.0.1 ----------
REQUEST URI : /
MOD DETAILS:
   modFile   : W:\domains\crimean.estate\vqmod/xml/faq.xml
   id        : FAQ for OpenCart 1.5.1.x
   version   : 1.0.0
   vqmver    : 1.2.3
   author    : Fido-X

File Name    : catalog/view/theme/default/template/common/footer.tpl(0)
VQModObject::applyMod - SEARCH NOT FOUND (ABORTING MOD): <li><a href="<?php echo $contact; ?>"><?php echo $text_contact; ?></a></li>

----------------------------------------------------------------------


---------- Date: 2016-11-03 17:21:37 ~ IP : 127.0.0.1 ----------
REQUEST URI : /index.php?route=product/product&amp;path=20_64&amp;product_id=650
MOD DETAILS:
   modFile   : W:\domains\crimean.estate\vqmod/xml/faq.xml
   id        : FAQ for OpenCart 1.5.1.x
   version   : 1.0.0
   vqmver    : 1.2.3
   author    : Fido-X

File Name    : catalog/view/theme/default/template/common/footer.tpl(0)
VQModObject::applyMod - SEARCH NOT FOUND (ABORTING MOD): <li><a href="<?php echo $contact; ?>"><?php echo $text_contact; ?></a></li>

----------------------------------------------------------------------


---------- Date: 2016-11-03 17:21:40 ~ IP : 127.0.0.1 ----------
REQUEST URI : /
MOD DETAILS:
   modFile   : W:\domains\crimean.estate\vqmod/xml/faq.xml
   id        : FAQ for OpenCart 1.5.1.x
   version   : 1.0.0
   vqmver    : 1.2.3
   author    : Fido-X

File Name    : catalog/view/theme/default/template/common/footer.tpl(0)
VQModObject::applyMod - SEARCH NOT FOUND (ABORTING MOD): <li><a href="<?php echo $contact; ?>"><?php echo $text_contact; ?></a></li>

----------------------------------------------------------------------


---------- Date: 2016-11-03 17:22:23 ~ IP : 127.0.0.1 ----------
REQUEST URI : /index.php?route=product/product&amp;path=20_64&amp;product_id=650
MOD DETAILS:
   modFile   : W:\domains\crimean.estate\vqmod/xml/faq.xml
   id        : FAQ for OpenCart 1.5.1.x
   version   : 1.0.0
   vqmver    : 1.2.3
   author    : Fido-X

File Name    : catalog/view/theme/default/template/common/footer.tpl(0)
VQModObject::applyMod - SEARCH NOT FOUND (ABORTING MOD): <li><a href="<?php echo $contact; ?>"><?php echo $text_contact; ?></a></li>

----------------------------------------------------------------------


---------- Date: 2016-11-03 17:22:25 ~ IP : 127.0.0.1 ----------
REQUEST URI : /
MOD DETAILS:
   modFile   : W:\domains\crimean.estate\vqmod/xml/faq.xml
   id        : FAQ for OpenCart 1.5.1.x
   version   : 1.0.0
   vqmver    : 1.2.3
   author    : Fido-X

File Name    : catalog/view/theme/default/template/common/footer.tpl(0)
VQModObject::applyMod - SEARCH NOT FOUND (ABORTING MOD): <li><a href="<?php echo $contact; ?>"><?php echo $text_contact; ?></a></li>

----------------------------------------------------------------------


---------- Date: 2016-11-03 17:22:34 ~ IP : 127.0.0.1 ----------
REQUEST URI : /index.php?route=product/product&amp;path=20_64&amp;product_id=650
MOD DETAILS:
   modFile   : W:\domains\crimean.estate\vqmod/xml/faq.xml
   id        : FAQ for OpenCart 1.5.1.x
   version   : 1.0.0
   vqmver    : 1.2.3
   author    : Fido-X

File Name    : catalog/view/theme/default/template/common/footer.tpl(0)
VQModObject::applyMod - SEARCH NOT FOUND (ABORTING MOD): <li><a href="<?php echo $contact; ?>"><?php echo $text_contact; ?></a></li>

----------------------------------------------------------------------


---------- Date: 2016-11-03 17:22:37 ~ IP : 127.0.0.1 ----------
REQUEST URI : /
MOD DETAILS:
   modFile   : W:\domains\crimean.estate\vqmod/xml/faq.xml
   id        : FAQ for OpenCart 1.5.1.x
   version   : 1.0.0
   vqmver    : 1.2.3
   author    : Fido-X

File Name    : catalog/view/theme/default/template/common/footer.tpl(0)
VQModObject::applyMod - SEARCH NOT FOUND (ABORTING MOD): <li><a href="<?php echo $contact; ?>"><?php echo $text_contact; ?></a></li>

----------------------------------------------------------------------


---------- Date: 2016-11-03 17:23:45 ~ IP : 127.0.0.1 ----------
REQUEST URI : /index.php?route=product/product&amp;path=20_64&amp;product_id=650
MOD DETAILS:
   modFile   : W:\domains\crimean.estate\vqmod/xml/faq.xml
   id        : FAQ for OpenCart 1.5.1.x
   version   : 1.0.0
   vqmver    : 1.2.3
   author    : Fido-X

File Name    : catalog/view/theme/default/template/common/footer.tpl(0)
VQModObject::applyMod - SEARCH NOT FOUND (ABORTING MOD): <li><a href="<?php echo $contact; ?>"><?php echo $text_contact; ?></a></li>

----------------------------------------------------------------------


---------- Date: 2016-11-03 17:23:48 ~ IP : 127.0.0.1 ----------
REQUEST URI : /
MOD DETAILS:
   modFile   : W:\domains\crimean.estate\vqmod/xml/faq.xml
   id        : FAQ for OpenCart 1.5.1.x
   version   : 1.0.0
   vqmver    : 1.2.3
   author    : Fido-X

File Name    : catalog/view/theme/default/template/common/footer.tpl(0)
VQModObject::applyMod - SEARCH NOT FOUND (ABORTING MOD): <li><a href="<?php echo $contact; ?>"><?php echo $text_contact; ?></a></li>

----------------------------------------------------------------------


---------- Date: 2016-11-03 17:27:16 ~ IP : 127.0.0.1 ----------
REQUEST URI : /index.php?route=product/product&amp;path=20_64&amp;product_id=650
MOD DETAILS:
   modFile   : W:\domains\crimean.estate\vqmod/xml/faq.xml
   id        : FAQ for OpenCart 1.5.1.x
   version   : 1.0.0
   vqmver    : 1.2.3
   author    : Fido-X

File Name    : catalog/view/theme/default/template/common/footer.tpl(0)
VQModObject::applyMod - SEARCH NOT FOUND (ABORTING MOD): <li><a href="<?php echo $contact; ?>"><?php echo $text_contact; ?></a></li>

----------------------------------------------------------------------


---------- Date: 2016-11-03 17:27:18 ~ IP : 127.0.0.1 ----------
REQUEST URI : /
MOD DETAILS:
   modFile   : W:\domains\crimean.estate\vqmod/xml/faq.xml
   id        : FAQ for OpenCart 1.5.1.x
   version   : 1.0.0
   vqmver    : 1.2.3
   author    : Fido-X

File Name    : catalog/view/theme/default/template/common/footer.tpl(0)
VQModObject::applyMod - SEARCH NOT FOUND (ABORTING MOD): <li><a href="<?php echo $contact; ?>"><?php echo $text_contact; ?></a></li>

----------------------------------------------------------------------


---------- Date: 2016-11-03 17:50:22 ~ IP : 127.0.0.1 ----------
REQUEST URI : /index.php?route=product/product&amp;path=20_64&amp;product_id=650
MOD DETAILS:
   modFile   : W:\domains\crimean.estate\vqmod/xml/faq.xml
   id        : FAQ for OpenCart 1.5.1.x
   version   : 1.0.0
   vqmver    : 1.2.3
   author    : Fido-X

File Name    : catalog/view/theme/default/template/common/footer.tpl(0)
VQModObject::applyMod - SEARCH NOT FOUND (ABORTING MOD): <li><a href="<?php echo $contact; ?>"><?php echo $text_contact; ?></a></li>

----------------------------------------------------------------------


---------- Date: 2016-11-03 17:50:24 ~ IP : 127.0.0.1 ----------
REQUEST URI : /
MOD DETAILS:
   modFile   : W:\domains\crimean.estate\vqmod/xml/faq.xml
   id        : FAQ for OpenCart 1.5.1.x
   version   : 1.0.0
   vqmver    : 1.2.3
   author    : Fido-X

File Name    : catalog/view/theme/default/template/common/footer.tpl(0)
VQModObject::applyMod - SEARCH NOT FOUND (ABORTING MOD): <li><a href="<?php echo $contact; ?>"><?php echo $text_contact; ?></a></li>

----------------------------------------------------------------------


---------- Date: 2016-11-03 17:50:38 ~ IP : 127.0.0.1 ----------
REQUEST URI : /index.php?route=product/product&amp;path=20_64&amp;product_id=650
MOD DETAILS:
   modFile   : W:\domains\crimean.estate\vqmod/xml/faq.xml
   id        : FAQ for OpenCart 1.5.1.x
   version   : 1.0.0
   vqmver    : 1.2.3
   author    : Fido-X

File Name    : catalog/view/theme/default/template/common/footer.tpl(0)
VQModObject::applyMod - SEARCH NOT FOUND (ABORTING MOD): <li><a href="<?php echo $contact; ?>"><?php echo $text_contact; ?></a></li>

----------------------------------------------------------------------


---------- Date: 2016-11-03 17:50:41 ~ IP : 127.0.0.1 ----------
REQUEST URI : /
MOD DETAILS:
   modFile   : W:\domains\crimean.estate\vqmod/xml/faq.xml
   id        : FAQ for OpenCart 1.5.1.x
   version   : 1.0.0
   vqmver    : 1.2.3
   author    : Fido-X

File Name    : catalog/view/theme/default/template/common/footer.tpl(0)
VQModObject::applyMod - SEARCH NOT FOUND (ABORTING MOD): <li><a href="<?php echo $contact; ?>"><?php echo $text_contact; ?></a></li>

----------------------------------------------------------------------


---------- Date: 2016-11-03 18:09:25 ~ IP : 127.0.0.1 ----------
REQUEST URI : /index.php?route=product/product&amp;path=20_64&amp;product_id=650
MOD DETAILS:
   modFile   : W:\domains\crimean.estate\vqmod/xml/faq.xml
   id        : FAQ for OpenCart 1.5.1.x
   version   : 1.0.0
   vqmver    : 1.2.3
   author    : Fido-X

File Name    : catalog/view/theme/default/template/common/footer.tpl(0)
VQModObject::applyMod - SEARCH NOT FOUND (ABORTING MOD): <li><a href="<?php echo $contact; ?>"><?php echo $text_contact; ?></a></li>

----------------------------------------------------------------------


---------- Date: 2016-11-03 18:09:28 ~ IP : 127.0.0.1 ----------
REQUEST URI : /
MOD DETAILS:
   modFile   : W:\domains\crimean.estate\vqmod/xml/faq.xml
   id        : FAQ for OpenCart 1.5.1.x
   version   : 1.0.0
   vqmver    : 1.2.3
   author    : Fido-X

File Name    : catalog/view/theme/default/template/common/footer.tpl(0)
VQModObject::applyMod - SEARCH NOT FOUND (ABORTING MOD): <li><a href="<?php echo $contact; ?>"><?php echo $text_contact; ?></a></li>

----------------------------------------------------------------------


---------- Date: 2016-11-03 18:15:10 ~ IP : 127.0.0.1 ----------
REQUEST URI : /index.php?route=product/product&amp;path=20_64&amp;product_id=650
MOD DETAILS:
   modFile   : W:\domains\crimean.estate\vqmod/xml/faq.xml
   id        : FAQ for OpenCart 1.5.1.x
   version   : 1.0.0
   vqmver    : 1.2.3
   author    : Fido-X

File Name    : catalog/view/theme/default/template/common/footer.tpl(0)
VQModObject::applyMod - SEARCH NOT FOUND (ABORTING MOD): <li><a href="<?php echo $contact; ?>"><?php echo $text_contact; ?></a></li>

----------------------------------------------------------------------


---------- Date: 2016-11-03 18:15:13 ~ IP : 127.0.0.1 ----------
REQUEST URI : /
MOD DETAILS:
   modFile   : W:\domains\crimean.estate\vqmod/xml/faq.xml
   id        : FAQ for OpenCart 1.5.1.x
   version   : 1.0.0
   vqmver    : 1.2.3
   author    : Fido-X

File Name    : catalog/view/theme/default/template/common/footer.tpl(0)
VQModObject::applyMod - SEARCH NOT FOUND (ABORTING MOD): <li><a href="<?php echo $contact; ?>"><?php echo $text_contact; ?></a></li>

----------------------------------------------------------------------


---------- Date: 2016-11-03 18:15:32 ~ IP : 127.0.0.1 ----------
REQUEST URI : /index.php?route=product/product&amp;path=20_64&amp;product_id=650
MOD DETAILS:
   modFile   : W:\domains\crimean.estate\vqmod/xml/faq.xml
   id        : FAQ for OpenCart 1.5.1.x
   version   : 1.0.0
   vqmver    : 1.2.3
   author    : Fido-X

File Name    : catalog/view/theme/default/template/common/footer.tpl(0)
VQModObject::applyMod - SEARCH NOT FOUND (ABORTING MOD): <li><a href="<?php echo $contact; ?>"><?php echo $text_contact; ?></a></li>

----------------------------------------------------------------------


---------- Date: 2016-11-03 18:15:39 ~ IP : 127.0.0.1 ----------
REQUEST URI : /index.php?route=product/product&amp;path=20_64&amp;product_id=650
MOD DETAILS:
   modFile   : W:\domains\crimean.estate\vqmod/xml/faq.xml
   id        : FAQ for OpenCart 1.5.1.x
   version   : 1.0.0
   vqmver    : 1.2.3
   author    : Fido-X

File Name    : catalog/view/theme/default/template/common/footer.tpl(0)
VQModObject::applyMod - SEARCH NOT FOUND (ABORTING MOD): <li><a href="<?php echo $contact; ?>"><?php echo $text_contact; ?></a></li>

----------------------------------------------------------------------


---------- Date: 2016-11-03 18:15:41 ~ IP : 127.0.0.1 ----------
REQUEST URI : /
MOD DETAILS:
   modFile   : W:\domains\crimean.estate\vqmod/xml/faq.xml
   id        : FAQ for OpenCart 1.5.1.x
   version   : 1.0.0
   vqmver    : 1.2.3
   author    : Fido-X

File Name    : catalog/view/theme/default/template/common/footer.tpl(0)
VQModObject::applyMod - SEARCH NOT FOUND (ABORTING MOD): <li><a href="<?php echo $contact; ?>"><?php echo $text_contact; ?></a></li>

----------------------------------------------------------------------


