---------- Date: 2016-10-29 00:56:14 ~ IP : 127.0.0.1 ----------
REQUEST URI : /
MOD DETAILS:
   modFile   : W:\domains\crimean.estate\vqmod/xml/faq.xml
   id        : FAQ for OpenCart 1.5.1.x
   version   : 1.0.0
   vqmver    : 1.2.3
   author    : Fido-X

File Name    : catalog/view/theme/default/template/common/footer.tpl(0)
VQModObject::applyMod - SEARCH NOT FOUND (ABORTING MOD): <li><a href="<?php echo $contact; ?>"><?php echo $text_contact; ?></a></li>

----------------------------------------------------------------------


---------- Date: 2016-10-29 00:57:54 ~ IP : 127.0.0.1 ----------
REQUEST URI : /
MOD DETAILS:
   modFile   : W:\domains\crimean.estate\vqmod/xml/faq.xml
   id        : FAQ for OpenCart 1.5.1.x
   version   : 1.0.0
   vqmver    : 1.2.3
   author    : Fido-X

File Name    : catalog/view/theme/default/template/common/footer.tpl(0)
VQModObject::applyMod - SEARCH NOT FOUND (ABORTING MOD): <li><a href="<?php echo $contact; ?>"><?php echo $text_contact; ?></a></li>

----------------------------------------------------------------------


---------- Date: 2016-10-29 00:59:16 ~ IP : 127.0.0.1 ----------
REQUEST URI : /
MOD DETAILS:
   modFile   : W:\domains\crimean.estate\vqmod/xml/faq.xml
   id        : FAQ for OpenCart 1.5.1.x
   version   : 1.0.0
   vqmver    : 1.2.3
   author    : Fido-X

File Name    : catalog/view/theme/default/template/common/footer.tpl(0)
VQModObject::applyMod - SEARCH NOT FOUND (ABORTING MOD): <li><a href="<?php echo $contact; ?>"><?php echo $text_contact; ?></a></li>

----------------------------------------------------------------------


---------- Date: 2016-10-29 00:59:29 ~ IP : 127.0.0.1 ----------
REQUEST URI : /
MOD DETAILS:
   modFile   : W:\domains\crimean.estate\vqmod/xml/faq.xml
   id        : FAQ for OpenCart 1.5.1.x
   version   : 1.0.0
   vqmver    : 1.2.3
   author    : Fido-X

File Name    : catalog/view/theme/default/template/common/footer.tpl(0)
VQModObject::applyMod - SEARCH NOT FOUND (ABORTING MOD): <li><a href="<?php echo $contact; ?>"><?php echo $text_contact; ?></a></li>

----------------------------------------------------------------------


---------- Date: 2016-10-29 01:00:13 ~ IP : 127.0.0.1 ----------
REQUEST URI : /
MOD DETAILS:
   modFile   : W:\domains\crimean.estate\vqmod/xml/faq.xml
   id        : FAQ for OpenCart 1.5.1.x
   version   : 1.0.0
   vqmver    : 1.2.3
   author    : Fido-X

File Name    : catalog/view/theme/default/template/common/footer.tpl(0)
VQModObject::applyMod - SEARCH NOT FOUND (ABORTING MOD): <li><a href="<?php echo $contact; ?>"><?php echo $text_contact; ?></a></li>

----------------------------------------------------------------------


---------- Date: 2016-10-29 01:00:47 ~ IP : 127.0.0.1 ----------
REQUEST URI : /
MOD DETAILS:
   modFile   : W:\domains\crimean.estate\vqmod/xml/faq.xml
   id        : FAQ for OpenCart 1.5.1.x
   version   : 1.0.0
   vqmver    : 1.2.3
   author    : Fido-X

File Name    : catalog/view/theme/default/template/common/footer.tpl(0)
VQModObject::applyMod - SEARCH NOT FOUND (ABORTING MOD): <li><a href="<?php echo $contact; ?>"><?php echo $text_contact; ?></a></li>

----------------------------------------------------------------------


---------- Date: 2016-10-29 01:01:36 ~ IP : 127.0.0.1 ----------
REQUEST URI : /
MOD DETAILS:
   modFile   : W:\domains\crimean.estate\vqmod/xml/faq.xml
   id        : FAQ for OpenCart 1.5.1.x
   version   : 1.0.0
   vqmver    : 1.2.3
   author    : Fido-X

File Name    : catalog/view/theme/default/template/common/footer.tpl(0)
VQModObject::applyMod - SEARCH NOT FOUND (ABORTING MOD): <li><a href="<?php echo $contact; ?>"><?php echo $text_contact; ?></a></li>

----------------------------------------------------------------------


---------- Date: 2016-10-29 01:02:25 ~ IP : 127.0.0.1 ----------
REQUEST URI : /
MOD DETAILS:
   modFile   : W:\domains\crimean.estate\vqmod/xml/faq.xml
   id        : FAQ for OpenCart 1.5.1.x
   version   : 1.0.0
   vqmver    : 1.2.3
   author    : Fido-X

File Name    : catalog/view/theme/default/template/common/footer.tpl(0)
VQModObject::applyMod - SEARCH NOT FOUND (ABORTING MOD): <li><a href="<?php echo $contact; ?>"><?php echo $text_contact; ?></a></li>

----------------------------------------------------------------------


---------- Date: 2016-10-29 01:03:34 ~ IP : 127.0.0.1 ----------
REQUEST URI : /
MOD DETAILS:
   modFile   : W:\domains\crimean.estate\vqmod/xml/faq.xml
   id        : FAQ for OpenCart 1.5.1.x
   version   : 1.0.0
   vqmver    : 1.2.3
   author    : Fido-X

File Name    : catalog/view/theme/default/template/common/footer.tpl(0)
VQModObject::applyMod - SEARCH NOT FOUND (ABORTING MOD): <li><a href="<?php echo $contact; ?>"><?php echo $text_contact; ?></a></li>

----------------------------------------------------------------------


---------- Date: 2016-10-29 01:04:39 ~ IP : 127.0.0.1 ----------
REQUEST URI : /
MOD DETAILS:
   modFile   : W:\domains\crimean.estate\vqmod/xml/faq.xml
   id        : FAQ for OpenCart 1.5.1.x
   version   : 1.0.0
   vqmver    : 1.2.3
   author    : Fido-X

File Name    : catalog/view/theme/default/template/common/footer.tpl(0)
VQModObject::applyMod - SEARCH NOT FOUND (ABORTING MOD): <li><a href="<?php echo $contact; ?>"><?php echo $text_contact; ?></a></li>

----------------------------------------------------------------------


---------- Date: 2016-10-29 01:05:21 ~ IP : 127.0.0.1 ----------
REQUEST URI : /
MOD DETAILS:
   modFile   : W:\domains\crimean.estate\vqmod/xml/faq.xml
   id        : FAQ for OpenCart 1.5.1.x
   version   : 1.0.0
   vqmver    : 1.2.3
   author    : Fido-X

File Name    : catalog/view/theme/default/template/common/footer.tpl(0)
VQModObject::applyMod - SEARCH NOT FOUND (ABORTING MOD): <li><a href="<?php echo $contact; ?>"><?php echo $text_contact; ?></a></li>

----------------------------------------------------------------------


---------- Date: 2016-10-29 01:06:16 ~ IP : 127.0.0.1 ----------
REQUEST URI : /
MOD DETAILS:
   modFile   : W:\domains\crimean.estate\vqmod/xml/faq.xml
   id        : FAQ for OpenCart 1.5.1.x
   version   : 1.0.0
   vqmver    : 1.2.3
   author    : Fido-X

File Name    : catalog/view/theme/default/template/common/footer.tpl(0)
VQModObject::applyMod - SEARCH NOT FOUND (ABORTING MOD): <li><a href="<?php echo $contact; ?>"><?php echo $text_contact; ?></a></li>

----------------------------------------------------------------------


---------- Date: 2016-10-29 01:10:30 ~ IP : 127.0.0.1 ----------
REQUEST URI : /
MOD DETAILS:
   modFile   : W:\domains\crimean.estate\vqmod/xml/faq.xml
   id        : FAQ for OpenCart 1.5.1.x
   version   : 1.0.0
   vqmver    : 1.2.3
   author    : Fido-X

File Name    : catalog/view/theme/default/template/common/footer.tpl(0)
VQModObject::applyMod - SEARCH NOT FOUND (ABORTING MOD): <li><a href="<?php echo $contact; ?>"><?php echo $text_contact; ?></a></li>

----------------------------------------------------------------------


---------- Date: 2016-10-29 01:11:13 ~ IP : 127.0.0.1 ----------
REQUEST URI : /
MOD DETAILS:
   modFile   : W:\domains\crimean.estate\vqmod/xml/faq.xml
   id        : FAQ for OpenCart 1.5.1.x
   version   : 1.0.0
   vqmver    : 1.2.3
   author    : Fido-X

File Name    : catalog/view/theme/default/template/common/footer.tpl(0)
VQModObject::applyMod - SEARCH NOT FOUND (ABORTING MOD): <li><a href="<?php echo $contact; ?>"><?php echo $text_contact; ?></a></li>

----------------------------------------------------------------------


---------- Date: 2016-10-29 01:12:14 ~ IP : 127.0.0.1 ----------
REQUEST URI : /
MOD DETAILS:
   modFile   : W:\domains\crimean.estate\vqmod/xml/faq.xml
   id        : FAQ for OpenCart 1.5.1.x
   version   : 1.0.0
   vqmver    : 1.2.3
   author    : Fido-X

File Name    : catalog/view/theme/default/template/common/footer.tpl(0)
VQModObject::applyMod - SEARCH NOT FOUND (ABORTING MOD): <li><a href="<?php echo $contact; ?>"><?php echo $text_contact; ?></a></li>

----------------------------------------------------------------------


---------- Date: 2016-10-29 01:13:51 ~ IP : 127.0.0.1 ----------
REQUEST URI : /
MOD DETAILS:
   modFile   : W:\domains\crimean.estate\vqmod/xml/faq.xml
   id        : FAQ for OpenCart 1.5.1.x
   version   : 1.0.0
   vqmver    : 1.2.3
   author    : Fido-X

File Name    : catalog/view/theme/default/template/common/footer.tpl(0)
VQModObject::applyMod - SEARCH NOT FOUND (ABORTING MOD): <li><a href="<?php echo $contact; ?>"><?php echo $text_contact; ?></a></li>

----------------------------------------------------------------------


---------- Date: 2016-10-29 01:14:17 ~ IP : 127.0.0.1 ----------
REQUEST URI : /
MOD DETAILS:
   modFile   : W:\domains\crimean.estate\vqmod/xml/faq.xml
   id        : FAQ for OpenCart 1.5.1.x
   version   : 1.0.0
   vqmver    : 1.2.3
   author    : Fido-X

File Name    : catalog/view/theme/default/template/common/footer.tpl(0)
VQModObject::applyMod - SEARCH NOT FOUND (ABORTING MOD): <li><a href="<?php echo $contact; ?>"><?php echo $text_contact; ?></a></li>

----------------------------------------------------------------------


---------- Date: 2016-10-29 01:15:38 ~ IP : 127.0.0.1 ----------
REQUEST URI : /
MOD DETAILS:
   modFile   : W:\domains\crimean.estate\vqmod/xml/faq.xml
   id        : FAQ for OpenCart 1.5.1.x
   version   : 1.0.0
   vqmver    : 1.2.3
   author    : Fido-X

File Name    : catalog/view/theme/default/template/common/footer.tpl(0)
VQModObject::applyMod - SEARCH NOT FOUND (ABORTING MOD): <li><a href="<?php echo $contact; ?>"><?php echo $text_contact; ?></a></li>

----------------------------------------------------------------------


---------- Date: 2016-10-29 01:15:57 ~ IP : 127.0.0.1 ----------
REQUEST URI : /
MOD DETAILS:
   modFile   : W:\domains\crimean.estate\vqmod/xml/faq.xml
   id        : FAQ for OpenCart 1.5.1.x
   version   : 1.0.0
   vqmver    : 1.2.3
   author    : Fido-X

File Name    : catalog/view/theme/default/template/common/footer.tpl(0)
VQModObject::applyMod - SEARCH NOT FOUND (ABORTING MOD): <li><a href="<?php echo $contact; ?>"><?php echo $text_contact; ?></a></li>

----------------------------------------------------------------------


---------- Date: 2016-10-29 01:18:22 ~ IP : 127.0.0.1 ----------
REQUEST URI : /
MOD DETAILS:
   modFile   : W:\domains\crimean.estate\vqmod/xml/faq.xml
   id        : FAQ for OpenCart 1.5.1.x
   version   : 1.0.0
   vqmver    : 1.2.3
   author    : Fido-X

File Name    : catalog/view/theme/default/template/common/footer.tpl(0)
VQModObject::applyMod - SEARCH NOT FOUND (ABORTING MOD): <li><a href="<?php echo $contact; ?>"><?php echo $text_contact; ?></a></li>

----------------------------------------------------------------------


---------- Date: 2016-10-29 01:20:08 ~ IP : 127.0.0.1 ----------
REQUEST URI : /
MOD DETAILS:
   modFile   : W:\domains\crimean.estate\vqmod/xml/faq.xml
   id        : FAQ for OpenCart 1.5.1.x
   version   : 1.0.0
   vqmver    : 1.2.3
   author    : Fido-X

File Name    : catalog/view/theme/default/template/common/footer.tpl(0)
VQModObject::applyMod - SEARCH NOT FOUND (ABORTING MOD): <li><a href="<?php echo $contact; ?>"><?php echo $text_contact; ?></a></li>

----------------------------------------------------------------------


---------- Date: 2016-10-29 01:20:29 ~ IP : 127.0.0.1 ----------
REQUEST URI : /
MOD DETAILS:
   modFile   : W:\domains\crimean.estate\vqmod/xml/faq.xml
   id        : FAQ for OpenCart 1.5.1.x
   version   : 1.0.0
   vqmver    : 1.2.3
   author    : Fido-X

File Name    : catalog/view/theme/default/template/common/footer.tpl(0)
VQModObject::applyMod - SEARCH NOT FOUND (ABORTING MOD): <li><a href="<?php echo $contact; ?>"><?php echo $text_contact; ?></a></li>

----------------------------------------------------------------------


---------- Date: 2016-10-29 01:20:47 ~ IP : 127.0.0.1 ----------
REQUEST URI : /
MOD DETAILS:
   modFile   : W:\domains\crimean.estate\vqmod/xml/faq.xml
   id        : FAQ for OpenCart 1.5.1.x
   version   : 1.0.0
   vqmver    : 1.2.3
   author    : Fido-X

File Name    : catalog/view/theme/default/template/common/footer.tpl(0)
VQModObject::applyMod - SEARCH NOT FOUND (ABORTING MOD): <li><a href="<?php echo $contact; ?>"><?php echo $text_contact; ?></a></li>

----------------------------------------------------------------------


---------- Date: 2016-10-29 01:21:19 ~ IP : 127.0.0.1 ----------
REQUEST URI : /
MOD DETAILS:
   modFile   : W:\domains\crimean.estate\vqmod/xml/faq.xml
   id        : FAQ for OpenCart 1.5.1.x
   version   : 1.0.0
   vqmver    : 1.2.3
   author    : Fido-X

File Name    : catalog/view/theme/default/template/common/footer.tpl(0)
VQModObject::applyMod - SEARCH NOT FOUND (ABORTING MOD): <li><a href="<?php echo $contact; ?>"><?php echo $text_contact; ?></a></li>

----------------------------------------------------------------------


---------- Date: 2016-10-29 01:22:08 ~ IP : 127.0.0.1 ----------
REQUEST URI : /
MOD DETAILS:
   modFile   : W:\domains\crimean.estate\vqmod/xml/faq.xml
   id        : FAQ for OpenCart 1.5.1.x
   version   : 1.0.0
   vqmver    : 1.2.3
   author    : Fido-X

File Name    : catalog/view/theme/default/template/common/footer.tpl(0)
VQModObject::applyMod - SEARCH NOT FOUND (ABORTING MOD): <li><a href="<?php echo $contact; ?>"><?php echo $text_contact; ?></a></li>

----------------------------------------------------------------------


---------- Date: 2016-10-29 01:23:48 ~ IP : 127.0.0.1 ----------
REQUEST URI : /
MOD DETAILS:
   modFile   : W:\domains\crimean.estate\vqmod/xml/faq.xml
   id        : FAQ for OpenCart 1.5.1.x
   version   : 1.0.0
   vqmver    : 1.2.3
   author    : Fido-X

File Name    : catalog/view/theme/default/template/common/footer.tpl(0)
VQModObject::applyMod - SEARCH NOT FOUND (ABORTING MOD): <li><a href="<?php echo $contact; ?>"><?php echo $text_contact; ?></a></li>

----------------------------------------------------------------------


---------- Date: 2016-10-29 01:24:48 ~ IP : 127.0.0.1 ----------
REQUEST URI : /
MOD DETAILS:
   modFile   : W:\domains\crimean.estate\vqmod/xml/faq.xml
   id        : FAQ for OpenCart 1.5.1.x
   version   : 1.0.0
   vqmver    : 1.2.3
   author    : Fido-X

File Name    : catalog/view/theme/default/template/common/footer.tpl(0)
VQModObject::applyMod - SEARCH NOT FOUND (ABORTING MOD): <li><a href="<?php echo $contact; ?>"><?php echo $text_contact; ?></a></li>

----------------------------------------------------------------------


---------- Date: 2016-10-29 01:26:55 ~ IP : 127.0.0.1 ----------
REQUEST URI : /
MOD DETAILS:
   modFile   : W:\domains\crimean.estate\vqmod/xml/faq.xml
   id        : FAQ for OpenCart 1.5.1.x
   version   : 1.0.0
   vqmver    : 1.2.3
   author    : Fido-X

File Name    : catalog/view/theme/default/template/common/footer.tpl(0)
VQModObject::applyMod - SEARCH NOT FOUND (ABORTING MOD): <li><a href="<?php echo $contact; ?>"><?php echo $text_contact; ?></a></li>

----------------------------------------------------------------------


---------- Date: 2016-10-29 01:27:44 ~ IP : 127.0.0.1 ----------
REQUEST URI : /
MOD DETAILS:
   modFile   : W:\domains\crimean.estate\vqmod/xml/faq.xml
   id        : FAQ for OpenCart 1.5.1.x
   version   : 1.0.0
   vqmver    : 1.2.3
   author    : Fido-X

File Name    : catalog/view/theme/default/template/common/footer.tpl(0)
VQModObject::applyMod - SEARCH NOT FOUND (ABORTING MOD): <li><a href="<?php echo $contact; ?>"><?php echo $text_contact; ?></a></li>

----------------------------------------------------------------------


---------- Date: 2016-10-29 01:28:19 ~ IP : 127.0.0.1 ----------
REQUEST URI : /
MOD DETAILS:
   modFile   : W:\domains\crimean.estate\vqmod/xml/faq.xml
   id        : FAQ for OpenCart 1.5.1.x
   version   : 1.0.0
   vqmver    : 1.2.3
   author    : Fido-X

File Name    : catalog/view/theme/default/template/common/footer.tpl(0)
VQModObject::applyMod - SEARCH NOT FOUND (ABORTING MOD): <li><a href="<?php echo $contact; ?>"><?php echo $text_contact; ?></a></li>

----------------------------------------------------------------------


---------- Date: 2016-10-29 01:29:28 ~ IP : 127.0.0.1 ----------
REQUEST URI : /
MOD DETAILS:
   modFile   : W:\domains\crimean.estate\vqmod/xml/faq.xml
   id        : FAQ for OpenCart 1.5.1.x
   version   : 1.0.0
   vqmver    : 1.2.3
   author    : Fido-X

File Name    : catalog/view/theme/default/template/common/footer.tpl(0)
VQModObject::applyMod - SEARCH NOT FOUND (ABORTING MOD): <li><a href="<?php echo $contact; ?>"><?php echo $text_contact; ?></a></li>

----------------------------------------------------------------------


---------- Date: 2016-10-29 01:30:00 ~ IP : 127.0.0.1 ----------
REQUEST URI : /
MOD DETAILS:
   modFile   : W:\domains\crimean.estate\vqmod/xml/faq.xml
   id        : FAQ for OpenCart 1.5.1.x
   version   : 1.0.0
   vqmver    : 1.2.3
   author    : Fido-X

File Name    : catalog/view/theme/default/template/common/footer.tpl(0)
VQModObject::applyMod - SEARCH NOT FOUND (ABORTING MOD): <li><a href="<?php echo $contact; ?>"><?php echo $text_contact; ?></a></li>

----------------------------------------------------------------------


---------- Date: 2016-10-29 01:30:12 ~ IP : 127.0.0.1 ----------
REQUEST URI : /
MOD DETAILS:
   modFile   : W:\domains\crimean.estate\vqmod/xml/faq.xml
   id        : FAQ for OpenCart 1.5.1.x
   version   : 1.0.0
   vqmver    : 1.2.3
   author    : Fido-X

File Name    : catalog/view/theme/default/template/common/footer.tpl(0)
VQModObject::applyMod - SEARCH NOT FOUND (ABORTING MOD): <li><a href="<?php echo $contact; ?>"><?php echo $text_contact; ?></a></li>

----------------------------------------------------------------------


---------- Date: 2016-10-29 01:30:52 ~ IP : 127.0.0.1 ----------
REQUEST URI : /
MOD DETAILS:
   modFile   : W:\domains\crimean.estate\vqmod/xml/faq.xml
   id        : FAQ for OpenCart 1.5.1.x
   version   : 1.0.0
   vqmver    : 1.2.3
   author    : Fido-X

File Name    : catalog/view/theme/default/template/common/footer.tpl(0)
VQModObject::applyMod - SEARCH NOT FOUND (ABORTING MOD): <li><a href="<?php echo $contact; ?>"><?php echo $text_contact; ?></a></li>

----------------------------------------------------------------------


---------- Date: 2016-10-29 01:31:27 ~ IP : 127.0.0.1 ----------
REQUEST URI : /
MOD DETAILS:
   modFile   : W:\domains\crimean.estate\vqmod/xml/faq.xml
   id        : FAQ for OpenCart 1.5.1.x
   version   : 1.0.0
   vqmver    : 1.2.3
   author    : Fido-X

File Name    : catalog/view/theme/default/template/common/footer.tpl(0)
VQModObject::applyMod - SEARCH NOT FOUND (ABORTING MOD): <li><a href="<?php echo $contact; ?>"><?php echo $text_contact; ?></a></li>

----------------------------------------------------------------------


---------- Date: 2016-10-29 01:33:35 ~ IP : 127.0.0.1 ----------
REQUEST URI : /
MOD DETAILS:
   modFile   : W:\domains\crimean.estate\vqmod/xml/faq.xml
   id        : FAQ for OpenCart 1.5.1.x
   version   : 1.0.0
   vqmver    : 1.2.3
   author    : Fido-X

File Name    : catalog/view/theme/default/template/common/footer.tpl(0)
VQModObject::applyMod - SEARCH NOT FOUND (ABORTING MOD): <li><a href="<?php echo $contact; ?>"><?php echo $text_contact; ?></a></li>

----------------------------------------------------------------------


---------- Date: 2016-10-29 01:33:56 ~ IP : 127.0.0.1 ----------
REQUEST URI : /
MOD DETAILS:
   modFile   : W:\domains\crimean.estate\vqmod/xml/faq.xml
   id        : FAQ for OpenCart 1.5.1.x
   version   : 1.0.0
   vqmver    : 1.2.3
   author    : Fido-X

File Name    : catalog/view/theme/default/template/common/footer.tpl(0)
VQModObject::applyMod - SEARCH NOT FOUND (ABORTING MOD): <li><a href="<?php echo $contact; ?>"><?php echo $text_contact; ?></a></li>

----------------------------------------------------------------------


---------- Date: 2016-10-29 01:34:30 ~ IP : 127.0.0.1 ----------
REQUEST URI : /
MOD DETAILS:
   modFile   : W:\domains\crimean.estate\vqmod/xml/faq.xml
   id        : FAQ for OpenCart 1.5.1.x
   version   : 1.0.0
   vqmver    : 1.2.3
   author    : Fido-X

File Name    : catalog/view/theme/default/template/common/footer.tpl(0)
VQModObject::applyMod - SEARCH NOT FOUND (ABORTING MOD): <li><a href="<?php echo $contact; ?>"><?php echo $text_contact; ?></a></li>

----------------------------------------------------------------------


---------- Date: 2016-10-29 01:35:13 ~ IP : 127.0.0.1 ----------
REQUEST URI : /
MOD DETAILS:
   modFile   : W:\domains\crimean.estate\vqmod/xml/faq.xml
   id        : FAQ for OpenCart 1.5.1.x
   version   : 1.0.0
   vqmver    : 1.2.3
   author    : Fido-X

File Name    : catalog/view/theme/default/template/common/footer.tpl(0)
VQModObject::applyMod - SEARCH NOT FOUND (ABORTING MOD): <li><a href="<?php echo $contact; ?>"><?php echo $text_contact; ?></a></li>

----------------------------------------------------------------------


---------- Date: 2016-10-29 01:38:08 ~ IP : 127.0.0.1 ----------
REQUEST URI : /
MOD DETAILS:
   modFile   : W:\domains\crimean.estate\vqmod/xml/faq.xml
   id        : FAQ for OpenCart 1.5.1.x
   version   : 1.0.0
   vqmver    : 1.2.3
   author    : Fido-X

File Name    : catalog/view/theme/default/template/common/footer.tpl(0)
VQModObject::applyMod - SEARCH NOT FOUND (ABORTING MOD): <li><a href="<?php echo $contact; ?>"><?php echo $text_contact; ?></a></li>

----------------------------------------------------------------------


---------- Date: 2016-10-29 01:39:06 ~ IP : 127.0.0.1 ----------
REQUEST URI : /
MOD DETAILS:
   modFile   : W:\domains\crimean.estate\vqmod/xml/faq.xml
   id        : FAQ for OpenCart 1.5.1.x
   version   : 1.0.0
   vqmver    : 1.2.3
   author    : Fido-X

File Name    : catalog/view/theme/default/template/common/footer.tpl(0)
VQModObject::applyMod - SEARCH NOT FOUND (ABORTING MOD): <li><a href="<?php echo $contact; ?>"><?php echo $text_contact; ?></a></li>

----------------------------------------------------------------------


---------- Date: 2016-10-29 01:39:36 ~ IP : 127.0.0.1 ----------
REQUEST URI : /
MOD DETAILS:
   modFile   : W:\domains\crimean.estate\vqmod/xml/faq.xml
   id        : FAQ for OpenCart 1.5.1.x
   version   : 1.0.0
   vqmver    : 1.2.3
   author    : Fido-X

File Name    : catalog/view/theme/default/template/common/footer.tpl(0)
VQModObject::applyMod - SEARCH NOT FOUND (ABORTING MOD): <li><a href="<?php echo $contact; ?>"><?php echo $text_contact; ?></a></li>

----------------------------------------------------------------------


---------- Date: 2016-10-29 01:41:16 ~ IP : 127.0.0.1 ----------
REQUEST URI : /
MOD DETAILS:
   modFile   : W:\domains\crimean.estate\vqmod/xml/faq.xml
   id        : FAQ for OpenCart 1.5.1.x
   version   : 1.0.0
   vqmver    : 1.2.3
   author    : Fido-X

File Name    : catalog/view/theme/default/template/common/footer.tpl(0)
VQModObject::applyMod - SEARCH NOT FOUND (ABORTING MOD): <li><a href="<?php echo $contact; ?>"><?php echo $text_contact; ?></a></li>

----------------------------------------------------------------------


---------- Date: 2016-10-29 01:41:51 ~ IP : 127.0.0.1 ----------
REQUEST URI : /
MOD DETAILS:
   modFile   : W:\domains\crimean.estate\vqmod/xml/faq.xml
   id        : FAQ for OpenCart 1.5.1.x
   version   : 1.0.0
   vqmver    : 1.2.3
   author    : Fido-X

File Name    : catalog/view/theme/default/template/common/footer.tpl(0)
VQModObject::applyMod - SEARCH NOT FOUND (ABORTING MOD): <li><a href="<?php echo $contact; ?>"><?php echo $text_contact; ?></a></li>

----------------------------------------------------------------------


---------- Date: 2016-10-29 01:44:35 ~ IP : 127.0.0.1 ----------
REQUEST URI : /
MOD DETAILS:
   modFile   : W:\domains\crimean.estate\vqmod/xml/faq.xml
   id        : FAQ for OpenCart 1.5.1.x
   version   : 1.0.0
   vqmver    : 1.2.3
   author    : Fido-X

File Name    : catalog/view/theme/default/template/common/footer.tpl(0)
VQModObject::applyMod - SEARCH NOT FOUND (ABORTING MOD): <li><a href="<?php echo $contact; ?>"><?php echo $text_contact; ?></a></li>

----------------------------------------------------------------------


---------- Date: 2016-10-29 01:47:13 ~ IP : 127.0.0.1 ----------
REQUEST URI : /
MOD DETAILS:
   modFile   : W:\domains\crimean.estate\vqmod/xml/faq.xml
   id        : FAQ for OpenCart 1.5.1.x
   version   : 1.0.0
   vqmver    : 1.2.3
   author    : Fido-X

File Name    : catalog/view/theme/default/template/common/footer.tpl(0)
VQModObject::applyMod - SEARCH NOT FOUND (ABORTING MOD): <li><a href="<?php echo $contact; ?>"><?php echo $text_contact; ?></a></li>

----------------------------------------------------------------------


---------- Date: 2016-10-29 01:47:56 ~ IP : 127.0.0.1 ----------
REQUEST URI : /
MOD DETAILS:
   modFile   : W:\domains\crimean.estate\vqmod/xml/faq.xml
   id        : FAQ for OpenCart 1.5.1.x
   version   : 1.0.0
   vqmver    : 1.2.3
   author    : Fido-X

File Name    : catalog/view/theme/default/template/common/footer.tpl(0)
VQModObject::applyMod - SEARCH NOT FOUND (ABORTING MOD): <li><a href="<?php echo $contact; ?>"><?php echo $text_contact; ?></a></li>

----------------------------------------------------------------------


---------- Date: 2016-10-29 01:48:41 ~ IP : 127.0.0.1 ----------
REQUEST URI : /
MOD DETAILS:
   modFile   : W:\domains\crimean.estate\vqmod/xml/faq.xml
   id        : FAQ for OpenCart 1.5.1.x
   version   : 1.0.0
   vqmver    : 1.2.3
   author    : Fido-X

File Name    : catalog/view/theme/default/template/common/footer.tpl(0)
VQModObject::applyMod - SEARCH NOT FOUND (ABORTING MOD): <li><a href="<?php echo $contact; ?>"><?php echo $text_contact; ?></a></li>

----------------------------------------------------------------------


---------- Date: 2016-10-29 01:49:11 ~ IP : 127.0.0.1 ----------
REQUEST URI : /
MOD DETAILS:
   modFile   : W:\domains\crimean.estate\vqmod/xml/faq.xml
   id        : FAQ for OpenCart 1.5.1.x
   version   : 1.0.0
   vqmver    : 1.2.3
   author    : Fido-X

File Name    : catalog/view/theme/default/template/common/footer.tpl(0)
VQModObject::applyMod - SEARCH NOT FOUND (ABORTING MOD): <li><a href="<?php echo $contact; ?>"><?php echo $text_contact; ?></a></li>

----------------------------------------------------------------------


---------- Date: 2016-10-29 01:49:46 ~ IP : 127.0.0.1 ----------
REQUEST URI : /
MOD DETAILS:
   modFile   : W:\domains\crimean.estate\vqmod/xml/faq.xml
   id        : FAQ for OpenCart 1.5.1.x
   version   : 1.0.0
   vqmver    : 1.2.3
   author    : Fido-X

File Name    : catalog/view/theme/default/template/common/footer.tpl(0)
VQModObject::applyMod - SEARCH NOT FOUND (ABORTING MOD): <li><a href="<?php echo $contact; ?>"><?php echo $text_contact; ?></a></li>

----------------------------------------------------------------------


---------- Date: 2016-10-29 01:50:38 ~ IP : 127.0.0.1 ----------
REQUEST URI : /
MOD DETAILS:
   modFile   : W:\domains\crimean.estate\vqmod/xml/faq.xml
   id        : FAQ for OpenCart 1.5.1.x
   version   : 1.0.0
   vqmver    : 1.2.3
   author    : Fido-X

File Name    : catalog/view/theme/default/template/common/footer.tpl(0)
VQModObject::applyMod - SEARCH NOT FOUND (ABORTING MOD): <li><a href="<?php echo $contact; ?>"><?php echo $text_contact; ?></a></li>

----------------------------------------------------------------------


---------- Date: 2016-10-29 01:52:16 ~ IP : 127.0.0.1 ----------
REQUEST URI : /
MOD DETAILS:
   modFile   : W:\domains\crimean.estate\vqmod/xml/faq.xml
   id        : FAQ for OpenCart 1.5.1.x
   version   : 1.0.0
   vqmver    : 1.2.3
   author    : Fido-X

File Name    : catalog/view/theme/default/template/common/footer.tpl(0)
VQModObject::applyMod - SEARCH NOT FOUND (ABORTING MOD): <li><a href="<?php echo $contact; ?>"><?php echo $text_contact; ?></a></li>

----------------------------------------------------------------------


---------- Date: 2016-10-29 01:53:50 ~ IP : 127.0.0.1 ----------
REQUEST URI : /
MOD DETAILS:
   modFile   : W:\domains\crimean.estate\vqmod/xml/faq.xml
   id        : FAQ for OpenCart 1.5.1.x
   version   : 1.0.0
   vqmver    : 1.2.3
   author    : Fido-X

File Name    : catalog/view/theme/default/template/common/footer.tpl(0)
VQModObject::applyMod - SEARCH NOT FOUND (ABORTING MOD): <li><a href="<?php echo $contact; ?>"><?php echo $text_contact; ?></a></li>

----------------------------------------------------------------------


---------- Date: 2016-10-29 01:55:29 ~ IP : 127.0.0.1 ----------
REQUEST URI : /
MOD DETAILS:
   modFile   : W:\domains\crimean.estate\vqmod/xml/faq.xml
   id        : FAQ for OpenCart 1.5.1.x
   version   : 1.0.0
   vqmver    : 1.2.3
   author    : Fido-X

File Name    : catalog/view/theme/default/template/common/footer.tpl(0)
VQModObject::applyMod - SEARCH NOT FOUND (ABORTING MOD): <li><a href="<?php echo $contact; ?>"><?php echo $text_contact; ?></a></li>

----------------------------------------------------------------------


---------- Date: 2016-10-29 01:56:13 ~ IP : 127.0.0.1 ----------
REQUEST URI : /
MOD DETAILS:
   modFile   : W:\domains\crimean.estate\vqmod/xml/faq.xml
   id        : FAQ for OpenCart 1.5.1.x
   version   : 1.0.0
   vqmver    : 1.2.3
   author    : Fido-X

File Name    : catalog/view/theme/default/template/common/footer.tpl(0)
VQModObject::applyMod - SEARCH NOT FOUND (ABORTING MOD): <li><a href="<?php echo $contact; ?>"><?php echo $text_contact; ?></a></li>

----------------------------------------------------------------------


---------- Date: 2016-10-29 01:56:29 ~ IP : 127.0.0.1 ----------
REQUEST URI : /
MOD DETAILS:
   modFile   : W:\domains\crimean.estate\vqmod/xml/faq.xml
   id        : FAQ for OpenCart 1.5.1.x
   version   : 1.0.0
   vqmver    : 1.2.3
   author    : Fido-X

File Name    : catalog/view/theme/default/template/common/footer.tpl(0)
VQModObject::applyMod - SEARCH NOT FOUND (ABORTING MOD): <li><a href="<?php echo $contact; ?>"><?php echo $text_contact; ?></a></li>

----------------------------------------------------------------------


---------- Date: 2016-10-29 01:57:34 ~ IP : 127.0.0.1 ----------
REQUEST URI : /
MOD DETAILS:
   modFile   : W:\domains\crimean.estate\vqmod/xml/faq.xml
   id        : FAQ for OpenCart 1.5.1.x
   version   : 1.0.0
   vqmver    : 1.2.3
   author    : Fido-X

File Name    : catalog/view/theme/default/template/common/footer.tpl(0)
VQModObject::applyMod - SEARCH NOT FOUND (ABORTING MOD): <li><a href="<?php echo $contact; ?>"><?php echo $text_contact; ?></a></li>

----------------------------------------------------------------------


---------- Date: 2016-10-29 09:14:49 ~ IP : 127.0.0.1 ----------
REQUEST URI : /
MOD DETAILS:
   modFile   : W:\domains\crimean.estate\vqmod/xml/faq.xml
   id        : FAQ for OpenCart 1.5.1.x
   version   : 1.0.0
   vqmver    : 1.2.3
   author    : Fido-X

File Name    : catalog/view/theme/default/template/common/footer.tpl(0)
VQModObject::applyMod - SEARCH NOT FOUND (ABORTING MOD): <li><a href="<?php echo $contact; ?>"><?php echo $text_contact; ?></a></li>

----------------------------------------------------------------------


---------- Date: 2016-10-29 09:15:07 ~ IP : 127.0.0.1 ----------
REQUEST URI : /
MOD DETAILS:
   modFile   : W:\domains\crimean.estate\vqmod/xml/faq.xml
   id        : FAQ for OpenCart 1.5.1.x
   version   : 1.0.0
   vqmver    : 1.2.3
   author    : Fido-X

File Name    : catalog/view/theme/default/template/common/footer.tpl(0)
VQModObject::applyMod - SEARCH NOT FOUND (ABORTING MOD): <li><a href="<?php echo $contact; ?>"><?php echo $text_contact; ?></a></li>

----------------------------------------------------------------------


